# Logfile created on 2019-03-19 12:01:39 -0600 by logger.rb/56438
  INFO ---------------------------------------------------------------------------
  INFO START 2019-03-19 12:01:39 -0600 cap production deploy
  INFO ---------------------------------------------------------------------------
 DEBUG [a6583fa5] Running [ -d $HOME/.rbenv/versions/2.6.1 ] as deploy@plusupch.ddns.net
 DEBUG [a6583fa5] Command: [ -d $HOME/.rbenv/versions/2.6.1 ]
 DEBUG [862d201e] Finished in 9.680 seconds with exit status 0 (successful).
 DEBUG [2aba9649] Running /usr/bin/env which passenger as deploy@plusupch.ddns.net
 DEBUG [2aba9649] Command: /usr/bin/env which passenger
 DEBUG [ca5f5bbb] 	/usr/bin/passenger
 DEBUG [ca5f5bbb] Finished in 0.783 seconds with exit status 0 (successful).
  INFO [82e35f0b] Running /usr/bin/env mkdir -p /tmp as deploy@plusupch.ddns.net
 DEBUG [82e35f0b] Command: ( export RBENV_ROOT="$HOME/.rbenv" RBENV_VERSION="2.6.1" ; /usr/bin/env mkdir -p /tmp )
  INFO [cb116751] Finished in 4.445 seconds with exit status 0 (successful).
 DEBUG Uploading /tmp/git-ssh-encuestamedica-production-Daniel Sarmiento.sh 0.0%
  INFO Uploading /tmp/git-ssh-encuestamedica-production-Daniel Sarmiento.sh 100.0%
  INFO [a720a1d1] Running /usr/bin/env chmod 700 /tmp/git-ssh-encuestamedica-production-Daniel\ Sarmiento.sh as deploy@plusupch.ddns.net
 DEBUG [a720a1d1] Command: ( export RBENV_ROOT="$HOME/.rbenv" RBENV_VERSION="2.6.1" ; /usr/bin/env chmod 700 /tmp/git-ssh-encuestamedica-production-Daniel\ Sarmiento.sh )
  INFO [33eee92b] Finished in 1.632 seconds with exit status 0 (successful).
  INFO [c480edb7] Running /usr/bin/env git ls-remote git@github.com:Daniel-Sarmiento/encuestamedica.git HEAD as deploy@plusupch.ddns.net
 DEBUG [c480edb7] Command: ( export RBENV_ROOT="$HOME/.rbenv" RBENV_VERSION="2.6.1" GIT_ASKPASS="/bin/echo" GIT_SSH="/tmp/git-ssh-encuestamedica-production-Daniel Sarmiento.sh" ; /usr/bin/env git ls-remote git@github.com:Daniel-Sarmiento/encuestamedica.git HEAD )
 DEBUG [41af02ec] 	Warning: Permanently added 'github.com,192.30.253.112' (RSA) to the list of known hosts.
 DEBUG [41af02ec] 	git@github.com: Permission denied (publickey).
 DEBUG [41af02ec] 	fatal: Could not read from remote repository.

Please make sure you have the correct access rights
and the repository exists.
  INFO ---------------------------------------------------------------------------
  INFO START 2019-03-19 12:04:49 -0600 cap production deploy
  INFO ---------------------------------------------------------------------------
 DEBUG [c64e8675] Running [ -d $HOME/.rbenv/versions/2.6.1 ] as deploy@plusupch.ddns.net
 DEBUG [c64e8675] Command: [ -d $HOME/.rbenv/versions/2.6.1 ]
 DEBUG [e981c4a5] Finished in 13.005 seconds with exit status 0 (successful).
 DEBUG [c3523e6a] Running /usr/bin/env which passenger as deploy@plusupch.ddns.net
 DEBUG [c3523e6a] Command: /usr/bin/env which passenger
 DEBUG [de66ddb7] 	/usr/bin/passenger
 DEBUG [de66ddb7] Finished in 3.727 seconds with exit status 0 (successful).
  INFO [8a3c5471] Running /usr/bin/env mkdir -p /tmp as deploy@plusupch.ddns.net
 DEBUG [8a3c5471] Command: ( export RBENV_ROOT="$HOME/.rbenv" RBENV_VERSION="2.6.1" ; /usr/bin/env mkdir -p /tmp )
  INFO [f6c450fd] Finished in 2.418 seconds with exit status 0 (successful).
 DEBUG Uploading /tmp/git-ssh-encuestamedica-production-Daniel Sarmiento.sh 0.0%
  INFO Uploading /tmp/git-ssh-encuestamedica-production-Daniel Sarmiento.sh 100.0%
  INFO [a7447494] Running /usr/bin/env chmod 700 /tmp/git-ssh-encuestamedica-production-Daniel\ Sarmiento.sh as deploy@plusupch.ddns.net
 DEBUG [a7447494] Command: ( export RBENV_ROOT="$HOME/.rbenv" RBENV_VERSION="2.6.1" ; /usr/bin/env chmod 700 /tmp/git-ssh-encuestamedica-production-Daniel\ Sarmiento.sh )
  INFO [c4ed5bb7] Finished in 0.479 seconds with exit status 0 (successful).
  INFO [3eb77414] Running /usr/bin/env git ls-remote https://github.com/Daniel-Sarmiento/encuestamedica.git HEAD as deploy@plusupch.ddns.net
 DEBUG [3eb77414] Command: ( export RBENV_ROOT="$HOME/.rbenv" RBENV_VERSION="2.6.1" GIT_ASKPASS="/bin/echo" GIT_SSH="/tmp/git-ssh-encuestamedica-production-Daniel Sarmiento.sh" ; /usr/bin/env git ls-remote https://github.com/Daniel-Sarmiento/encuestamedica.git HEAD )
 DEBUG [1553c934] 	0ab871c2a84dcc92d320ec535a36e96f654eedac	HEAD
  INFO [1553c934] Finished in 1.547 seconds with exit status 0 (successful).
  INFO [3f4fe3c5] Running /usr/bin/env mkdir -p /home/deploy/encuestamedica/shared /home/deploy/encuestamedica/releases as deploy@plusupch.ddns.net
 DEBUG [3f4fe3c5] Command: ( export RBENV_ROOT="$HOME/.rbenv" RBENV_VERSION="2.6.1" ; /usr/bin/env mkdir -p /home/deploy/encuestamedica/shared /home/deploy/encuestamedica/releases )
  INFO [261fd44f] Finished in 0.515 seconds with exit status 0 (successful).
  INFO [57888d7e] Running /usr/bin/env mkdir -p /home/deploy/encuestamedica/shared/log /home/deploy/encuestamedica/shared/tmp/pids /home/deploy/encuestamedica/shared/tmp/cache /home/deploy/encuestamedica/shared/tmp/sockets /home/deploy/encuestamedica/shared/vendor/bundle /home/deploy/encuestamedica/shared/.bundle /home/deploy/encuestamedica/shared/public/system /home/deploy/encuestamedica/shared/public/uploads /home/deploy/encuestamedica/shared/public/assets as deploy@plusupch.ddns.net
 DEBUG [57888d7e] Command: ( export RBENV_ROOT="$HOME/.rbenv" RBENV_VERSION="2.6.1" ; /usr/bin/env mkdir -p /home/deploy/encuestamedica/shared/log /home/deploy/encuestamedica/shared/tmp/pids /home/deploy/encuestamedica/shared/tmp/cache /home/deploy/encuestamedica/shared/tmp/sockets /home/deploy/encuestamedica/shared/vendor/bundle /home/deploy/encuestamedica/shared/.bundle /home/deploy/encuestamedica/shared/public/system /home/deploy/encuestamedica/shared/public/uploads /home/deploy/encuestamedica/shared/public/assets )
  INFO [57254902] Finished in 0.315 seconds with exit status 0 (successful).
 DEBUG [122210f3] Running [ -f /home/deploy/encuestamedica/current/REVISION ] as deploy@plusupch.ddns.net
 DEBUG [122210f3] Command: [ -f /home/deploy/encuestamedica/current/REVISION ]
 DEBUG [493bf753] Finished in 1.250 seconds with exit status 1 (failed).
 DEBUG [07c8d830] Running [ -f /home/deploy/encuestamedica/repo/HEAD ] as deploy@plusupch.ddns.net
 DEBUG [07c8d830] Command: [ -f /home/deploy/encuestamedica/repo/HEAD ]
 DEBUG [4817f9b5] Finished in 0.706 seconds with exit status 1 (failed).
 DEBUG [fb9565d6] Running if test ! -d /home/deploy/encuestamedica; then echo "Directory does not exist '/home/deploy/encuestamedica'" 1>&2; false; fi as deploy@plusupch.ddns.net
 DEBUG [fb9565d6] Command: if test ! -d /home/deploy/encuestamedica; then echo "Directory does not exist '/home/deploy/encuestamedica'" 1>&2; false; fi
 DEBUG [9aa92f81] Finished in 2.062 seconds with exit status 0 (successful).
  INFO [76d8dd84] Running /usr/bin/env git clone --mirror https://github.com/Daniel-Sarmiento/encuestamedica.git /home/deploy/encuestamedica/repo as deploy@plusupch.ddns.net
 DEBUG [76d8dd84] Command: cd /home/deploy/encuestamedica && ( export RBENV_ROOT="$HOME/.rbenv" RBENV_VERSION="2.6.1" GIT_ASKPASS="/bin/echo" GIT_SSH="/tmp/git-ssh-encuestamedica-production-Daniel Sarmiento.sh" ; /usr/bin/env git clone --mirror https://github.com/Daniel-Sarmiento/encuestamedica.git /home/deploy/encuestamedica/repo )
 DEBUG [e9f76176] 	Cloning into bare repository '/home/deploy/encuestamedica/repo'...
  INFO [e9f76176] Finished in 2.003 seconds with exit status 0 (successful).
 DEBUG [41c1f979] Running if test ! -d /home/deploy/encuestamedica/repo; then echo "Directory does not exist '/home/deploy/encuestamedica/repo'" 1>&2; false; fi as deploy@plusupch.ddns.net
 DEBUG [41c1f979] Command: if test ! -d /home/deploy/encuestamedica/repo; then echo "Directory does not exist '/home/deploy/encuestamedica/repo'" 1>&2; false; fi
 DEBUG [89653515] Finished in 0.383 seconds with exit status 0 (successful).
  INFO [3652ff4f] Running /usr/bin/env git remote set-url origin https://github.com/Daniel-Sarmiento/encuestamedica.git as deploy@plusupch.ddns.net
 DEBUG [3652ff4f] Command: cd /home/deploy/encuestamedica/repo && ( export RBENV_ROOT="$HOME/.rbenv" RBENV_VERSION="2.6.1" GIT_ASKPASS="/bin/echo" GIT_SSH="/tmp/git-ssh-encuestamedica-production-Daniel Sarmiento.sh" ; /usr/bin/env git remote set-url origin https://github.com/Daniel-Sarmiento/encuestamedica.git )
  INFO [94034eea] Finished in 0.817 seconds with exit status 0 (successful).
  INFO [7f5360cc] Running /usr/bin/env git remote update --prune as deploy@plusupch.ddns.net
 DEBUG [7f5360cc] Command: cd /home/deploy/encuestamedica/repo && ( export RBENV_ROOT="$HOME/.rbenv" RBENV_VERSION="2.6.1" GIT_ASKPASS="/bin/echo" GIT_SSH="/tmp/git-ssh-encuestamedica-production-Daniel Sarmiento.sh" ; /usr/bin/env git remote update --prune )
 DEBUG [89d24341] 	Fetching origin
  INFO [89d24341] Finished in 4.238 seconds with exit status 0 (successful).
 DEBUG [687b7a5e] Running if test ! -d /home/deploy/encuestamedica/repo; then echo "Directory does not exist '/home/deploy/encuestamedica/repo'" 1>&2; false; fi as deploy@plusupch.ddns.net
 DEBUG [687b7a5e] Command: if test ! -d /home/deploy/encuestamedica/repo; then echo "Directory does not exist '/home/deploy/encuestamedica/repo'" 1>&2; false; fi
 DEBUG [80d57712] Finished in 2.061 seconds with exit status 0 (successful).
  INFO [08858ab8] Running /usr/bin/env mkdir -p /home/deploy/encuestamedica/releases/20190319180521 as deploy@plusupch.ddns.net
 DEBUG [08858ab8] Command: cd /home/deploy/encuestamedica/repo && ( export RBENV_ROOT="$HOME/.rbenv" RBENV_VERSION="2.6.1" GIT_ASKPASS="/bin/echo" GIT_SSH="/tmp/git-ssh-encuestamedica-production-Daniel Sarmiento.sh" ; /usr/bin/env mkdir -p /home/deploy/encuestamedica/releases/20190319180521 )
  INFO [9e5ee8d3] Finished in 1.387 seconds with exit status 0 (successful).
  INFO [bec16721] Running /usr/bin/env git archive master | /usr/bin/env tar -x -f - -C /home/deploy/encuestamedica/releases/20190319180521 as deploy@plusupch.ddns.net
 DEBUG [bec16721] Command: cd /home/deploy/encuestamedica/repo && ( export RBENV_ROOT="$HOME/.rbenv" RBENV_VERSION="2.6.1" GIT_ASKPASS="/bin/echo" GIT_SSH="/tmp/git-ssh-encuestamedica-production-Daniel Sarmiento.sh" ; /usr/bin/env git archive master | /usr/bin/env tar -x -f - -C /home/deploy/encuestamedica/releases/20190319180521 )
  INFO [ceb152e2] Finished in 1.083 seconds with exit status 0 (successful).
 DEBUG [97c1ccf0] Running if test ! -d /home/deploy/encuestamedica/repo; then echo "Directory does not exist '/home/deploy/encuestamedica/repo'" 1>&2; false; fi as deploy@plusupch.ddns.net
 DEBUG [97c1ccf0] Command: if test ! -d /home/deploy/encuestamedica/repo; then echo "Directory does not exist '/home/deploy/encuestamedica/repo'" 1>&2; false; fi
 DEBUG [b3dd71d3] Finished in 1.955 seconds with exit status 0 (successful).
 DEBUG [7d5ce66e] Running /usr/bin/env git rev-list --max-count=1 master as deploy@plusupch.ddns.net
 DEBUG [7d5ce66e] Command: cd /home/deploy/encuestamedica/repo && ( export RBENV_ROOT="$HOME/.rbenv" RBENV_VERSION="2.6.1" GIT_ASKPASS="/bin/echo" GIT_SSH="/tmp/git-ssh-encuestamedica-production-Daniel Sarmiento.sh" ; /usr/bin/env git rev-list --max-count=1 master )
 DEBUG [39f2d51b] 	0ab871c2a84dcc92d320ec535a36e96f654eedac
 DEBUG [39f2d51b] Finished in 1.163 seconds with exit status 0 (successful).
 DEBUG [b2ac60f8] Running if test ! -d /home/deploy/encuestamedica/releases/20190319180521; then echo "Directory does not exist '/home/deploy/encuestamedica/releases/20190319180521'" 1>&2; false; fi as deploy@plusupch.ddns.net
 DEBUG [b2ac60f8] Command: if test ! -d /home/deploy/encuestamedica/releases/20190319180521; then echo "Directory does not exist '/home/deploy/encuestamedica/releases/20190319180521'" 1>&2; false; fi
 DEBUG [4c8e311b] Finished in 2.067 seconds with exit status 0 (successful).
  INFO [412ee40a] Running /usr/bin/env echo "0ab871c2a84dcc92d320ec535a36e96f654eedac" > REVISION as deploy@plusupch.ddns.net
 DEBUG [412ee40a] Command: cd /home/deploy/encuestamedica/releases/20190319180521 && ( export RBENV_ROOT="$HOME/.rbenv" RBENV_VERSION="2.6.1" ; /usr/bin/env echo "0ab871c2a84dcc92d320ec535a36e96f654eedac" > REVISION )
  INFO [f6015290] Finished in 0.949 seconds with exit status 0 (successful).
  INFO [a41d6d89] Running /usr/bin/env mkdir -p /home/deploy/encuestamedica/releases/20190319180521 /home/deploy/encuestamedica/releases/20190319180521/tmp /home/deploy/encuestamedica/releases/20190319180521/vendor /home/deploy/encuestamedica/releases/20190319180521/public as deploy@plusupch.ddns.net
 DEBUG [a41d6d89] Command: ( export RBENV_ROOT="$HOME/.rbenv" RBENV_VERSION="2.6.1" ; /usr/bin/env mkdir -p /home/deploy/encuestamedica/releases/20190319180521 /home/deploy/encuestamedica/releases/20190319180521/tmp /home/deploy/encuestamedica/releases/20190319180521/vendor /home/deploy/encuestamedica/releases/20190319180521/public )
  INFO [ba00c5ac] Finished in 2.302 seconds with exit status 0 (successful).
 DEBUG [b59c14bf] Running [ -L /home/deploy/encuestamedica/releases/20190319180521/log ] as deploy@plusupch.ddns.net
 DEBUG [b59c14bf] Command: [ -L /home/deploy/encuestamedica/releases/20190319180521/log ]
 DEBUG [5f8835dd] Finished in 0.558 seconds with exit status 1 (failed).
 DEBUG [2a372c3f] Running [ -d /home/deploy/encuestamedica/releases/20190319180521/log ] as deploy@plusupch.ddns.net
 DEBUG [2a372c3f] Command: [ -d /home/deploy/encuestamedica/releases/20190319180521/log ]
 DEBUG [da9446a9] Finished in 1.626 seconds with exit status 0 (successful).
  INFO [aecce245] Running /usr/bin/env rm -rf /home/deploy/encuestamedica/releases/20190319180521/log as deploy@plusupch.ddns.net
 DEBUG [aecce245] Command: ( export RBENV_ROOT="$HOME/.rbenv" RBENV_VERSION="2.6.1" ; /usr/bin/env rm -rf /home/deploy/encuestamedica/releases/20190319180521/log )
  INFO [daf374b5] Finished in 0.807 seconds with exit status 0 (successful).
  INFO [0de79930] Running /usr/bin/env ln -s /home/deploy/encuestamedica/shared/log /home/deploy/encuestamedica/releases/20190319180521/log as deploy@plusupch.ddns.net
 DEBUG [0de79930] Command: ( export RBENV_ROOT="$HOME/.rbenv" RBENV_VERSION="2.6.1" ; /usr/bin/env ln -s /home/deploy/encuestamedica/shared/log /home/deploy/encuestamedica/releases/20190319180521/log )
  INFO [caae2907] Finished in 2.303 seconds with exit status 0 (successful).
 DEBUG [6595ba31] Running [ -L /home/deploy/encuestamedica/releases/20190319180521/tmp/pids ] as deploy@plusupch.ddns.net
 DEBUG [6595ba31] Command: [ -L /home/deploy/encuestamedica/releases/20190319180521/tmp/pids ]
 DEBUG [4e7be7d8] Finished in 0.648 seconds with exit status 1 (failed).
 DEBUG [4f7cc1a9] Running [ -d /home/deploy/encuestamedica/releases/20190319180521/tmp/pids ] as deploy@plusupch.ddns.net
 DEBUG [4f7cc1a9] Command: [ -d /home/deploy/encuestamedica/releases/20190319180521/tmp/pids ]
 DEBUG [e4f19865] Finished in 0.939 seconds with exit status 1 (failed).
  INFO [383317ac] Running /usr/bin/env ln -s /home/deploy/encuestamedica/shared/tmp/pids /home/deploy/encuestamedica/releases/20190319180521/tmp/pids as deploy@plusupch.ddns.net
 DEBUG [383317ac] Command: ( export RBENV_ROOT="$HOME/.rbenv" RBENV_VERSION="2.6.1" ; /usr/bin/env ln -s /home/deploy/encuestamedica/shared/tmp/pids /home/deploy/encuestamedica/releases/20190319180521/tmp/pids )
  INFO [e4893d70] Finished in 1.691 seconds with exit status 0 (successful).
 DEBUG [fae7625e] Running [ -L /home/deploy/encuestamedica/releases/20190319180521/tmp/cache ] as deploy@plusupch.ddns.net
 DEBUG [fae7625e] Command: [ -L /home/deploy/encuestamedica/releases/20190319180521/tmp/cache ]
 DEBUG [fa0cd1f2] Finished in 1.220 seconds with exit status 1 (failed).
 DEBUG [cbc6ee9c] Running [ -d /home/deploy/encuestamedica/releases/20190319180521/tmp/cache ] as deploy@plusupch.ddns.net
 DEBUG [cbc6ee9c] Command: [ -d /home/deploy/encuestamedica/releases/20190319180521/tmp/cache ]
 DEBUG [a2851960] Finished in 0.911 seconds with exit status 1 (failed).
  INFO [6e1269af] Running /usr/bin/env ln -s /home/deploy/encuestamedica/shared/tmp/cache /home/deploy/encuestamedica/releases/20190319180521/tmp/cache as deploy@plusupch.ddns.net
 DEBUG [6e1269af] Command: ( export RBENV_ROOT="$HOME/.rbenv" RBENV_VERSION="2.6.1" ; /usr/bin/env ln -s /home/deploy/encuestamedica/shared/tmp/cache /home/deploy/encuestamedica/releases/20190319180521/tmp/cache )
  INFO [d1ade56c] Finished in 0.872 seconds with exit status 0 (successful).
 DEBUG [2e2972c8] Running [ -L /home/deploy/encuestamedica/releases/20190319180521/tmp/sockets ] as deploy@plusupch.ddns.net
 DEBUG [2e2972c8] Command: [ -L /home/deploy/encuestamedica/releases/20190319180521/tmp/sockets ]
 DEBUG [5dc622f3] Finished in 1.206 seconds with exit status 1 (failed).
 DEBUG [029c8759] Running [ -d /home/deploy/encuestamedica/releases/20190319180521/tmp/sockets ] as deploy@plusupch.ddns.net
 DEBUG [029c8759] Command: [ -d /home/deploy/encuestamedica/releases/20190319180521/tmp/sockets ]
 DEBUG [9fcdeab6] Finished in 2.132 seconds with exit status 1 (failed).
  INFO [7f546010] Running /usr/bin/env ln -s /home/deploy/encuestamedica/shared/tmp/sockets /home/deploy/encuestamedica/releases/20190319180521/tmp/sockets as deploy@plusupch.ddns.net
 DEBUG [7f546010] Command: ( export RBENV_ROOT="$HOME/.rbenv" RBENV_VERSION="2.6.1" ; /usr/bin/env ln -s /home/deploy/encuestamedica/shared/tmp/sockets /home/deploy/encuestamedica/releases/20190319180521/tmp/sockets )
  INFO [81b84b35] Finished in 2.099 seconds with exit status 0 (successful).
 DEBUG [1e2999dd] Running [ -L /home/deploy/encuestamedica/releases/20190319180521/vendor/bundle ] as deploy@plusupch.ddns.net
 DEBUG [1e2999dd] Command: [ -L /home/deploy/encuestamedica/releases/20190319180521/vendor/bundle ]
 DEBUG [a89c98d0] Finished in 1.298 seconds with exit status 1 (failed).
 DEBUG [623bca0e] Running [ -d /home/deploy/encuestamedica/releases/20190319180521/vendor/bundle ] as deploy@plusupch.ddns.net
 DEBUG [623bca0e] Command: [ -d /home/deploy/encuestamedica/releases/20190319180521/vendor/bundle ]
 DEBUG [f1187f03] Finished in 3.571 seconds with exit status 1 (failed).
  INFO [d892d51b] Running /usr/bin/env ln -s /home/deploy/encuestamedica/shared/vendor/bundle /home/deploy/encuestamedica/releases/20190319180521/vendor/bundle as deploy@plusupch.ddns.net
 DEBUG [d892d51b] Command: ( export RBENV_ROOT="$HOME/.rbenv" RBENV_VERSION="2.6.1" ; /usr/bin/env ln -s /home/deploy/encuestamedica/shared/vendor/bundle /home/deploy/encuestamedica/releases/20190319180521/vendor/bundle )
  INFO [edb490e7] Finished in 1.255 seconds with exit status 0 (successful).
 DEBUG [84eb221f] Running [ -L /home/deploy/encuestamedica/releases/20190319180521/.bundle ] as deploy@plusupch.ddns.net
 DEBUG [84eb221f] Command: [ -L /home/deploy/encuestamedica/releases/20190319180521/.bundle ]
 DEBUG [4a1b8391] Finished in 2.146 seconds with exit status 1 (failed).
 DEBUG [d6e265b1] Running [ -d /home/deploy/encuestamedica/releases/20190319180521/.bundle ] as deploy@plusupch.ddns.net
 DEBUG [d6e265b1] Command: [ -d /home/deploy/encuestamedica/releases/20190319180521/.bundle ]
 DEBUG [6b586894] Finished in 3.794 seconds with exit status 1 (failed).
  INFO [f1525f15] Running /usr/bin/env ln -s /home/deploy/encuestamedica/shared/.bundle /home/deploy/encuestamedica/releases/20190319180521/.bundle as deploy@plusupch.ddns.net
 DEBUG [f1525f15] Command: ( export RBENV_ROOT="$HOME/.rbenv" RBENV_VERSION="2.6.1" ; /usr/bin/env ln -s /home/deploy/encuestamedica/shared/.bundle /home/deploy/encuestamedica/releases/20190319180521/.bundle )
  INFO [a69e6df7] Finished in 4.328 seconds with exit status 0 (successful).
 DEBUG [9509a706] Running [ -L /home/deploy/encuestamedica/releases/20190319180521/public/system ] as deploy@plusupch.ddns.net
 DEBUG [9509a706] Command: [ -L /home/deploy/encuestamedica/releases/20190319180521/public/system ]
 DEBUG [a2e8540f] Finished in 4.618 seconds with exit status 1 (failed).
 DEBUG [b1808cb6] Running [ -d /home/deploy/encuestamedica/releases/20190319180521/public/system ] as deploy@plusupch.ddns.net
 DEBUG [b1808cb6] Command: [ -d /home/deploy/encuestamedica/releases/20190319180521/public/system ]
 DEBUG [1aceac4d] Finished in 2.182 seconds with exit status 1 (failed).
  INFO [d28efebb] Running /usr/bin/env ln -s /home/deploy/encuestamedica/shared/public/system /home/deploy/encuestamedica/releases/20190319180521/public/system as deploy@plusupch.ddns.net
 DEBUG [d28efebb] Command: ( export RBENV_ROOT="$HOME/.rbenv" RBENV_VERSION="2.6.1" ; /usr/bin/env ln -s /home/deploy/encuestamedica/shared/public/system /home/deploy/encuestamedica/releases/20190319180521/public/system )
  INFO [f57a7396] Finished in 6.129 seconds with exit status 0 (successful).
 DEBUG [188aab71] Running [ -L /home/deploy/encuestamedica/releases/20190319180521/public/uploads ] as deploy@plusupch.ddns.net
 DEBUG [188aab71] Command: [ -L /home/deploy/encuestamedica/releases/20190319180521/public/uploads ]
 DEBUG [eb8be480] Finished in 2.689 seconds with exit status 1 (failed).
 DEBUG [1acf882f] Running [ -d /home/deploy/encuestamedica/releases/20190319180521/public/uploads ] as deploy@plusupch.ddns.net
 DEBUG [1acf882f] Command: [ -d /home/deploy/encuestamedica/releases/20190319180521/public/uploads ]
 DEBUG [4b1f322c] Finished in 5.234 seconds with exit status 1 (failed).
  INFO [7b05f60e] Running /usr/bin/env ln -s /home/deploy/encuestamedica/shared/public/uploads /home/deploy/encuestamedica/releases/20190319180521/public/uploads as deploy@plusupch.ddns.net
 DEBUG [7b05f60e] Command: ( export RBENV_ROOT="$HOME/.rbenv" RBENV_VERSION="2.6.1" ; /usr/bin/env ln -s /home/deploy/encuestamedica/shared/public/uploads /home/deploy/encuestamedica/releases/20190319180521/public/uploads )
  INFO [1275ecf6] Finished in 3.174 seconds with exit status 0 (successful).
 DEBUG [eaed18af] Running [ -L /home/deploy/encuestamedica/releases/20190319180521/public/assets ] as deploy@plusupch.ddns.net
 DEBUG [eaed18af] Command: [ -L /home/deploy/encuestamedica/releases/20190319180521/public/assets ]
 DEBUG [8bd69857] Finished in 0.980 seconds with exit status 1 (failed).
 DEBUG [cd8e4778] Running [ -d /home/deploy/encuestamedica/releases/20190319180521/public/assets ] as deploy@plusupch.ddns.net
 DEBUG [cd8e4778] Command: [ -d /home/deploy/encuestamedica/releases/20190319180521/public/assets ]
 DEBUG [a0930eed] Finished in 5.697 seconds with exit status 1 (failed).
  INFO [57f28cf2] Running /usr/bin/env ln -s /home/deploy/encuestamedica/shared/public/assets /home/deploy/encuestamedica/releases/20190319180521/public/assets as deploy@plusupch.ddns.net
 DEBUG [57f28cf2] Command: ( export RBENV_ROOT="$HOME/.rbenv" RBENV_VERSION="2.6.1" ; /usr/bin/env ln -s /home/deploy/encuestamedica/shared/public/assets /home/deploy/encuestamedica/releases/20190319180521/public/assets )
  INFO [a97c5b14] Finished in 2.787 seconds with exit status 0 (successful).
 DEBUG [163473be] Running if test ! -d /home/deploy/encuestamedica/releases/20190319180521; then echo "Directory does not exist '/home/deploy/encuestamedica/releases/20190319180521'" 1>&2; false; fi as deploy@plusupch.ddns.net
 DEBUG [163473be] Command: if test ! -d /home/deploy/encuestamedica/releases/20190319180521; then echo "Directory does not exist '/home/deploy/encuestamedica/releases/20190319180521'" 1>&2; false; fi
 DEBUG [8b04e7e2] Finished in 1.215 seconds with exit status 0 (successful).
 DEBUG [a4f24028] Running $HOME/.rbenv/bin/rbenv exec bundle check --path /home/deploy/encuestamedica/shared/bundle as deploy@plusupch.ddns.net
 DEBUG [a4f24028] Command: cd /home/deploy/encuestamedica/releases/20190319180521 && ( export RBENV_ROOT="$HOME/.rbenv" RBENV_VERSION="2.6.1" ; $HOME/.rbenv/bin/rbenv exec bundle check --path /home/deploy/encuestamedica/shared/bundle )
 DEBUG [e196c8ec] 	The git source `git://github.com/plataformatec/devise.git` uses the `git` protocol, which transmits data without encryption. Disable this warning with `bundle config git.allow_insecure true`, or switch to the `https` protocol to keep your data secure.
 DEBUG [e196c8ec] 	git://github.com/plataformatec/devise.git (at master@52b24e4) is not yet checked
out. Run `bundle install` first.
 DEBUG [e196c8ec] Finished in 1.126 seconds with exit status 11 (failed).
  INFO [07c77cef] Running $HOME/.rbenv/bin/rbenv exec bundle install --path /home/deploy/encuestamedica/shared/bundle --jobs 4 --without development test --deployment --quiet as deploy@plusupch.ddns.net
 DEBUG [07c77cef] Command: cd /home/deploy/encuestamedica/releases/20190319180521 && ( export RBENV_ROOT="$HOME/.rbenv" RBENV_VERSION="2.6.1" ; $HOME/.rbenv/bin/rbenv exec bundle install --path /home/deploy/encuestamedica/shared/bundle --jobs 4 --without development test --deployment --quiet )
  INFO [a05ce0d1] Finished in 127.974 seconds with exit status 0 (successful).
  INFO [deploy:migrate] Run `rake db:migrate`
 DEBUG [43cab803] Running if test ! -d /home/deploy/encuestamedica/releases/20190319180521; then echo "Directory does not exist '/home/deploy/encuestamedica/releases/20190319180521'" 1>&2; false; fi as deploy@plusupch.ddns.net
 DEBUG [43cab803] Command: if test ! -d /home/deploy/encuestamedica/releases/20190319180521; then echo "Directory does not exist '/home/deploy/encuestamedica/releases/20190319180521'" 1>&2; false; fi
 DEBUG [bde04edd] Finished in 1.518 seconds with exit status 0 (successful).
  INFO [19a943a0] Running $HOME/.rbenv/bin/rbenv exec bundle exec rake db:migrate as deploy@plusupch.ddns.net
 DEBUG [19a943a0] Command: cd /home/deploy/encuestamedica/releases/20190319180521 && ( export RBENV_ROOT="$HOME/.rbenv" RBENV_VERSION="2.6.1" RAILS_ENV="production" ; $HOME/.rbenv/bin/rbenv exec bundle exec rake db:migrate )
 DEBUG [2b41b292] 	rake aborted!
Devise.secret_key was not set. Please add the following to your Devise initializer:

  config.secret_key = '66442f6cd40fbd4325acd75d9c33026c659c47808f3d497568cdb025e9773736db700b6db522d5b089e80e8be44d98dbde9cc4dc15d9e9a9f6866f2cb3b786ff'

Please ensure you restarted your application after installing Devise or setting the key.
 DEBUG [2b41b292] 	/home/deploy/encuestamedica/shared/bundle/ruby/2.6.0/bundler/gems/devise-52b24e41de50/lib/devise/rails/routes.rb:500:in `raise_no_secret_key'
/home/deploy/encuestamedica/shared/bundle/ruby/2.6.0/bundler/gems/devise-52b24e41de50/lib/devise/rails/routes.rb:228:in `devise_for'
/home/deploy/encuestamedica/releases/20190319180521/config/routes.rb:2:in `block in <top (required)>'
/home/deploy/encuestamedica/shared/bundle/ruby/2.6.0/gems/actionpack-5.1.6/lib/action_dispatch/routing/route_set.rb:436:in `instance_exec'
/home/deploy/encuestamedica/shared/bundle/ruby/2.6.0/gems/actionpack-5.1.6/lib/action_dispatch/routing/route_set.rb:436:in `eval_block'
/home/deploy/encuestamedica/shared/bundle/ruby/2.6.0/gems/actionpack-5.1.6/lib/action_dispatch/routing/route_set.rb:418:in `draw'
/home/deploy/encuestamedica/releases/20190319180521/config/routes.rb:1:in `<top (required)>'
/home/deploy/encuestamedica/shared/bundle/ruby/2.6.0/gems/activesupport-5.1.6/lib/active_support/dependencies.rb:286:in `load'
/home/deploy/encuestamedica/shared/bundle/ruby/2.6.0/gems/activesupport-5.1.6/lib/active_support/dependencies.rb:286:in `block in load'
/home/deploy/encuestamedica/shared/bundle/ruby/2.6.0/gems/activesupport-5.1.6/lib/active_support/dependencies.rb:258:in `load_dependency'
/home/deploy/encuestamedica/shared/bundle/ruby/2.6.0/gems/activesupport-5.1.6/lib/active_support/dependencies.rb:286:in `load'
/home/deploy/encuestamedica/shared/bundle/ruby/2.6.0/gems/railties-5.1.6/lib/rails/application/routes_reloader.rb:55:in `block in load_paths'
/home/deploy/encuestamedica/shared/bundle/ruby/2.6.0/gems/railties-5.1.6/lib/rails/application/routes_reloader.rb:55:in `each'
/home/deploy/encuestamedica/shared/bundle/ruby/2.6.0/gems/railties-5.1.6/lib/rails/application/routes_reloader.rb:55:in `load_paths'
/home/deploy/encuestamedica/shared/bundle/ruby/2.6.0/gems/railties-5.1.6/lib/rails/application/routes_reloader.rb:18:in `reload!'
/home/deploy/encuestamedica/shared/bundle/ruby/2.6.0/gems/railties-5.1.6/lib/rails/application/routes_reloader.rb:41:in `block in updater'
/home/deploy/encuestamedica/shared/bundle/ruby/2.6.0/gems/activesupport-5.1.6/lib/active_support/file_update_checker.rb:81:in `execute'
/home/deploy/encuestamedica/shared/bundle/ruby/2.6.0/gems/railties-5.1.6/lib/rails/application/routes_reloader.rb:42:in `updater'
/home/deploy/encuestamedica/shared/bundle/ruby/2.6.0/gems/railties-5.1.6/lib/rails/application/routes_reloader.rb:31:in `execute_if_updated'
/home/deploy/encuestamedica/shared/bundle/ruby/2.6.0/gems/railties-5.1.6/lib/rails/application/finisher.rb:128:in `block in <module:Finisher>'
/home/deploy/encuestamedica/shared/bundle/ruby/2.6.0/gems/railties-5.1.6/lib/rails/initializable.rb:30:in `instance_exec'
/home/deploy/encuestamedica/shared/bundle/ruby/2.6.0/gems/railties-5.1.6/lib/rails/initializable.rb:30:in `run'
/home/deploy/encuestamedica/shared/bundle/ruby/2.6.0/gems/railties-5.1.6/lib/rails/initializable.rb:59:in `block in run_initializers'
/home/deploy/encuestamedica/shared/bundle/ruby/2.6.0/gems/railties-5.1.6/lib/rails/initializable.rb:58:in `run_initializers'
/home/deploy/encuestamedica/shared/bundle/ruby/2.6.0/gems/railties-5.1.6/lib/rails/application.rb:353:in `initialize!'
/home/deploy/encuestamedica/releases/20190319180521/config/environment.rb:5:in `<top (required)>'
/home/deploy/encuestamedica/shared/bundle/ruby/2.6.0/gems/activesupport-5.1.6/lib/active_support/dependencies.rb:292:in `require'
/home/deploy/encuestamedica/shared/bundle/ruby/2.6.0/gems/activesupport-5.1.6/lib/active_support/dependencies.rb:292:in `block in require'
/home/deploy/encuestamedica/shared/bundle/ruby/2.6.0/gems/activesupport-5.1.6/lib/active_support/dependencies.rb:258:in `load_dependency'
/home/deploy/encuestamedica/shared/bundle/ruby/2.6.0/gems/activesupport-5.1.6/lib/active_support/dependencies.rb:292:in `require'
/home/deploy/encuestamedica/shared/bundle/ruby/2.6.0/gems/railties-5.1.6/lib/rails/application.rb:329:in `require_environment!'
/home/deploy/encuestamedica/shared/bundle/ruby/2.6.0/gems/railties-5.1.6/lib/rails/application.rb:445:in `block in run_tasks_blocks'
/home/deploy/encuestamedica/shared/bundle/ruby/2.6.0/gems/rake-12.3.1/exe/rake:27:in `<top (required)>'
/home/deploy/.rbenv/versions/2.6.1/bin/bundle:23:in `load'
/home/deploy/.rbenv/versions/2.6.1/bin/bundle:23:in `<main>'
 DEBUG [2b41b292] 	Tasks: TOP => db:migrate => environment
(See full trace by running task with --trace)
  INFO ---------------------------------------------------------------------------
  INFO START 2019-03-19 12:21:20 -0600 cap production deploy
  INFO ---------------------------------------------------------------------------
 DEBUG [ce05700d] Running [ -d $HOME/.rbenv/versions/2.6.1 ] as deploy@plusupch.ddns.net
 DEBUG [ce05700d] Command: [ -d $HOME/.rbenv/versions/2.6.1 ]
 DEBUG [ce119046] Finished in 18.152 seconds with exit status 0 (successful).
 DEBUG [16986fb2] Running /usr/bin/env which passenger as deploy@plusupch.ddns.net
 DEBUG [16986fb2] Command: /usr/bin/env which passenger
 DEBUG [29bc3979] 	/usr/bin/passenger
 DEBUG [29bc3979] Finished in 3.072 seconds with exit status 0 (successful).
  INFO [2b443dc5] Running /usr/bin/env mkdir -p /tmp as deploy@plusupch.ddns.net
 DEBUG [2b443dc5] Command: ( export RBENV_ROOT="$HOME/.rbenv" RBENV_VERSION="2.6.1" ; /usr/bin/env mkdir -p /tmp )
  INFO [254c0ac0] Finished in 5.780 seconds with exit status 0 (successful).
 DEBUG Uploading /tmp/git-ssh-encuestamedica-production-Daniel Sarmiento.sh 0.0%
  INFO Uploading /tmp/git-ssh-encuestamedica-production-Daniel Sarmiento.sh 100.0%
  INFO [94b54646] Running /usr/bin/env chmod 700 /tmp/git-ssh-encuestamedica-production-Daniel\ Sarmiento.sh as deploy@plusupch.ddns.net
 DEBUG [94b54646] Command: ( export RBENV_ROOT="$HOME/.rbenv" RBENV_VERSION="2.6.1" ; /usr/bin/env chmod 700 /tmp/git-ssh-encuestamedica-production-Daniel\ Sarmiento.sh )
  INFO [09ebf1aa] Finished in 5.517 seconds with exit status 0 (successful).
  INFO [c3b90f64] Running /usr/bin/env git ls-remote https://github.com/Daniel-Sarmiento/encuestamedica.git HEAD as deploy@plusupch.ddns.net
 DEBUG [c3b90f64] Command: ( export RBENV_ROOT="$HOME/.rbenv" RBENV_VERSION="2.6.1" GIT_ASKPASS="/bin/echo" GIT_SSH="/tmp/git-ssh-encuestamedica-production-Daniel Sarmiento.sh" ; /usr/bin/env git ls-remote https://github.com/Daniel-Sarmiento/encuestamedica.git HEAD )
 DEBUG [dc4c3fea] 	0ab871c2a84dcc92d320ec535a36e96f654eedac	HEAD
  INFO [dc4c3fea] Finished in 9.280 seconds with exit status 0 (successful).
  INFO [711a9168] Running /usr/bin/env mkdir -p /home/deploy/encuestamedica/shared /home/deploy/encuestamedica/releases as deploy@plusupch.ddns.net
 DEBUG [711a9168] Command: ( export RBENV_ROOT="$HOME/.rbenv" RBENV_VERSION="2.6.1" ; /usr/bin/env mkdir -p /home/deploy/encuestamedica/shared /home/deploy/encuestamedica/releases )
  INFO [87167e27] Finished in 0.772 seconds with exit status 0 (successful).
  INFO [1dad875b] Running /usr/bin/env mkdir -p /home/deploy/encuestamedica/shared/log /home/deploy/encuestamedica/shared/tmp/pids /home/deploy/encuestamedica/shared/tmp/cache /home/deploy/encuestamedica/shared/tmp/sockets /home/deploy/encuestamedica/shared/vendor/bundle /home/deploy/encuestamedica/shared/.bundle /home/deploy/encuestamedica/shared/public/system /home/deploy/encuestamedica/shared/public/uploads /home/deploy/encuestamedica/shared/public/assets as deploy@plusupch.ddns.net
 DEBUG [1dad875b] Command: ( export RBENV_ROOT="$HOME/.rbenv" RBENV_VERSION="2.6.1" ; /usr/bin/env mkdir -p /home/deploy/encuestamedica/shared/log /home/deploy/encuestamedica/shared/tmp/pids /home/deploy/encuestamedica/shared/tmp/cache /home/deploy/encuestamedica/shared/tmp/sockets /home/deploy/encuestamedica/shared/vendor/bundle /home/deploy/encuestamedica/shared/.bundle /home/deploy/encuestamedica/shared/public/system /home/deploy/encuestamedica/shared/public/uploads /home/deploy/encuestamedica/shared/public/assets )
  INFO [0cbc398d] Finished in 2.341 seconds with exit status 0 (successful).
 DEBUG [e274f72b] Running [ -f /home/deploy/encuestamedica/current/REVISION ] as deploy@plusupch.ddns.net
 DEBUG [e274f72b] Command: [ -f /home/deploy/encuestamedica/current/REVISION ]
 DEBUG [c92c3199] Finished in 1.163 seconds with exit status 1 (failed).
 DEBUG [ddeb1222] Running [ -f /home/deploy/encuestamedica/repo/HEAD ] as deploy@plusupch.ddns.net
 DEBUG [ddeb1222] Command: [ -f /home/deploy/encuestamedica/repo/HEAD ]
 DEBUG [8cf4bf20] Finished in 4.635 seconds with exit status 0 (successful).
  INFO The repository mirror is at /home/deploy/encuestamedica/repo
 DEBUG [1544bfb4] Running if test ! -d /home/deploy/encuestamedica/repo; then echo "Directory does not exist '/home/deploy/encuestamedica/repo'" 1>&2; false; fi as deploy@plusupch.ddns.net
 DEBUG [1544bfb4] Command: if test ! -d /home/deploy/encuestamedica/repo; then echo "Directory does not exist '/home/deploy/encuestamedica/repo'" 1>&2; false; fi
 DEBUG [d14768fa] Finished in 2.467 seconds with exit status 0 (successful).
  INFO [ea485b45] Running /usr/bin/env git remote set-url origin https://github.com/Daniel-Sarmiento/encuestamedica.git as deploy@plusupch.ddns.net
 DEBUG [ea485b45] Command: cd /home/deploy/encuestamedica/repo && ( export RBENV_ROOT="$HOME/.rbenv" RBENV_VERSION="2.6.1" GIT_ASKPASS="/bin/echo" GIT_SSH="/tmp/git-ssh-encuestamedica-production-Daniel Sarmiento.sh" ; /usr/bin/env git remote set-url origin https://github.com/Daniel-Sarmiento/encuestamedica.git )
  INFO [ea068f6a] Finished in 2.232 seconds with exit status 0 (successful).
  INFO [9f00c20b] Running /usr/bin/env git remote update --prune as deploy@plusupch.ddns.net
 DEBUG [9f00c20b] Command: cd /home/deploy/encuestamedica/repo && ( export RBENV_ROOT="$HOME/.rbenv" RBENV_VERSION="2.6.1" GIT_ASKPASS="/bin/echo" GIT_SSH="/tmp/git-ssh-encuestamedica-production-Daniel Sarmiento.sh" ; /usr/bin/env git remote update --prune )
 DEBUG [d6643833] 	Fetching origin
  INFO [d6643833] Finished in 2.306 seconds with exit status 0 (successful).
 DEBUG [c2989a06] Running if test ! -d /home/deploy/encuestamedica/repo; then echo "Directory does not exist '/home/deploy/encuestamedica/repo'" 1>&2; false; fi as deploy@plusupch.ddns.net
 DEBUG [c2989a06] Command: if test ! -d /home/deploy/encuestamedica/repo; then echo "Directory does not exist '/home/deploy/encuestamedica/repo'" 1>&2; false; fi
 DEBUG [65f86e9f] Finished in 2.356 seconds with exit status 0 (successful).
  INFO [44faaa2c] Running /usr/bin/env mkdir -p /home/deploy/encuestamedica/releases/20190319182213 as deploy@plusupch.ddns.net
 DEBUG [44faaa2c] Command: cd /home/deploy/encuestamedica/repo && ( export RBENV_ROOT="$HOME/.rbenv" RBENV_VERSION="2.6.1" GIT_ASKPASS="/bin/echo" GIT_SSH="/tmp/git-ssh-encuestamedica-production-Daniel Sarmiento.sh" ; /usr/bin/env mkdir -p /home/deploy/encuestamedica/releases/20190319182213 )
  INFO [3356a661] Finished in 3.875 seconds with exit status 0 (successful).
  INFO [ab0c7813] Running /usr/bin/env git archive master | /usr/bin/env tar -x -f - -C /home/deploy/encuestamedica/releases/20190319182213 as deploy@plusupch.ddns.net
 DEBUG [ab0c7813] Command: cd /home/deploy/encuestamedica/repo && ( export RBENV_ROOT="$HOME/.rbenv" RBENV_VERSION="2.6.1" GIT_ASKPASS="/bin/echo" GIT_SSH="/tmp/git-ssh-encuestamedica-production-Daniel Sarmiento.sh" ; /usr/bin/env git archive master | /usr/bin/env tar -x -f - -C /home/deploy/encuestamedica/releases/20190319182213 )
  INFO [26aab386] Finished in 2.977 seconds with exit status 0 (successful).
 DEBUG [098e3baa] Running if test ! -d /home/deploy/encuestamedica/repo; then echo "Directory does not exist '/home/deploy/encuestamedica/repo'" 1>&2; false; fi as deploy@plusupch.ddns.net
 DEBUG [098e3baa] Command: if test ! -d /home/deploy/encuestamedica/repo; then echo "Directory does not exist '/home/deploy/encuestamedica/repo'" 1>&2; false; fi
 DEBUG [512fba3a] Finished in 2.964 seconds with exit status 0 (successful).
 DEBUG [2a8f6568] Running /usr/bin/env git rev-list --max-count=1 master as deploy@plusupch.ddns.net
 DEBUG [2a8f6568] Command: cd /home/deploy/encuestamedica/repo && ( export RBENV_ROOT="$HOME/.rbenv" RBENV_VERSION="2.6.1" GIT_ASKPASS="/bin/echo" GIT_SSH="/tmp/git-ssh-encuestamedica-production-Daniel Sarmiento.sh" ; /usr/bin/env git rev-list --max-count=1 master )
 DEBUG [4522503c] 	0ab871c2a84dcc92d320ec535a36e96f654eedac
 DEBUG [4522503c] Finished in 2.737 seconds with exit status 0 (successful).
 DEBUG [2fd09a51] Running if test ! -d /home/deploy/encuestamedica/releases/20190319182213; then echo "Directory does not exist '/home/deploy/encuestamedica/releases/20190319182213'" 1>&2; false; fi as deploy@plusupch.ddns.net
 DEBUG [2fd09a51] Command: if test ! -d /home/deploy/encuestamedica/releases/20190319182213; then echo "Directory does not exist '/home/deploy/encuestamedica/releases/20190319182213'" 1>&2; false; fi
 DEBUG [5ba8d084] Finished in 4.040 seconds with exit status 0 (successful).
  INFO [eeda7cb3] Running /usr/bin/env echo "0ab871c2a84dcc92d320ec535a36e96f654eedac" > REVISION as deploy@plusupch.ddns.net
 DEBUG [eeda7cb3] Command: cd /home/deploy/encuestamedica/releases/20190319182213 && ( export RBENV_ROOT="$HOME/.rbenv" RBENV_VERSION="2.6.1" ; /usr/bin/env echo "0ab871c2a84dcc92d320ec535a36e96f654eedac" > REVISION )
  INFO [dbdc7764] Finished in 1.268 seconds with exit status 0 (successful).
  INFO [e5a51abd] Running /usr/bin/env mkdir -p /home/deploy/encuestamedica/releases/20190319182213 /home/deploy/encuestamedica/releases/20190319182213/tmp /home/deploy/encuestamedica/releases/20190319182213/vendor /home/deploy/encuestamedica/releases/20190319182213/public as deploy@plusupch.ddns.net
 DEBUG [e5a51abd] Command: ( export RBENV_ROOT="$HOME/.rbenv" RBENV_VERSION="2.6.1" ; /usr/bin/env mkdir -p /home/deploy/encuestamedica/releases/20190319182213 /home/deploy/encuestamedica/releases/20190319182213/tmp /home/deploy/encuestamedica/releases/20190319182213/vendor /home/deploy/encuestamedica/releases/20190319182213/public )
  INFO [76f667cc] Finished in 3.027 seconds with exit status 0 (successful).
 DEBUG [e9a76ac5] Running [ -L /home/deploy/encuestamedica/releases/20190319182213/log ] as deploy@plusupch.ddns.net
 DEBUG [e9a76ac5] Command: [ -L /home/deploy/encuestamedica/releases/20190319182213/log ]
 DEBUG [54e0a50d] Finished in 2.089 seconds with exit status 1 (failed).
 DEBUG [adc2a313] Running [ -d /home/deploy/encuestamedica/releases/20190319182213/log ] as deploy@plusupch.ddns.net
 DEBUG [adc2a313] Command: [ -d /home/deploy/encuestamedica/releases/20190319182213/log ]
 DEBUG [63de8be8] Finished in 2.257 seconds with exit status 0 (successful).
  INFO [23eb1a05] Running /usr/bin/env rm -rf /home/deploy/encuestamedica/releases/20190319182213/log as deploy@plusupch.ddns.net
 DEBUG [23eb1a05] Command: ( export RBENV_ROOT="$HOME/.rbenv" RBENV_VERSION="2.6.1" ; /usr/bin/env rm -rf /home/deploy/encuestamedica/releases/20190319182213/log )
  INFO [92323471] Finished in 2.897 seconds with exit status 0 (successful).
  INFO [2542f0b8] Running /usr/bin/env ln -s /home/deploy/encuestamedica/shared/log /home/deploy/encuestamedica/releases/20190319182213/log as deploy@plusupch.ddns.net
 DEBUG [2542f0b8] Command: ( export RBENV_ROOT="$HOME/.rbenv" RBENV_VERSION="2.6.1" ; /usr/bin/env ln -s /home/deploy/encuestamedica/shared/log /home/deploy/encuestamedica/releases/20190319182213/log )
  INFO [9cdd2c25] Finished in 1.024 seconds with exit status 0 (successful).
 DEBUG [f73e1e15] Running [ -L /home/deploy/encuestamedica/releases/20190319182213/tmp/pids ] as deploy@plusupch.ddns.net
 DEBUG [f73e1e15] Command: [ -L /home/deploy/encuestamedica/releases/20190319182213/tmp/pids ]
 DEBUG [1cf7ecaf] Finished in 1.404 seconds with exit status 1 (failed).
 DEBUG [53d8638b] Running [ -d /home/deploy/encuestamedica/releases/20190319182213/tmp/pids ] as deploy@plusupch.ddns.net
 DEBUG [53d8638b] Command: [ -d /home/deploy/encuestamedica/releases/20190319182213/tmp/pids ]
 DEBUG [ba04aacf] Finished in 1.383 seconds with exit status 1 (failed).
  INFO [f72cc0cb] Running /usr/bin/env ln -s /home/deploy/encuestamedica/shared/tmp/pids /home/deploy/encuestamedica/releases/20190319182213/tmp/pids as deploy@plusupch.ddns.net
 DEBUG [f72cc0cb] Command: ( export RBENV_ROOT="$HOME/.rbenv" RBENV_VERSION="2.6.1" ; /usr/bin/env ln -s /home/deploy/encuestamedica/shared/tmp/pids /home/deploy/encuestamedica/releases/20190319182213/tmp/pids )
  INFO [01319a0b] Finished in 0.673 seconds with exit status 0 (successful).
 DEBUG [4fb8a74c] Running [ -L /home/deploy/encuestamedica/releases/20190319182213/tmp/cache ] as deploy@plusupch.ddns.net
 DEBUG [4fb8a74c] Command: [ -L /home/deploy/encuestamedica/releases/20190319182213/tmp/cache ]
 DEBUG [d83242c9] Finished in 1.913 seconds with exit status 1 (failed).
 DEBUG [399c1054] Running [ -d /home/deploy/encuestamedica/releases/20190319182213/tmp/cache ] as deploy@plusupch.ddns.net
 DEBUG [399c1054] Command: [ -d /home/deploy/encuestamedica/releases/20190319182213/tmp/cache ]
 DEBUG [d6872762] Finished in 1.270 seconds with exit status 1 (failed).
  INFO [d4165088] Running /usr/bin/env ln -s /home/deploy/encuestamedica/shared/tmp/cache /home/deploy/encuestamedica/releases/20190319182213/tmp/cache as deploy@plusupch.ddns.net
 DEBUG [d4165088] Command: ( export RBENV_ROOT="$HOME/.rbenv" RBENV_VERSION="2.6.1" ; /usr/bin/env ln -s /home/deploy/encuestamedica/shared/tmp/cache /home/deploy/encuestamedica/releases/20190319182213/tmp/cache )
  INFO [39f97d91] Finished in 0.621 seconds with exit status 0 (successful).
 DEBUG [b712397f] Running [ -L /home/deploy/encuestamedica/releases/20190319182213/tmp/sockets ] as deploy@plusupch.ddns.net
 DEBUG [b712397f] Command: [ -L /home/deploy/encuestamedica/releases/20190319182213/tmp/sockets ]
 DEBUG [08ae3205] Finished in 0.807 seconds with exit status 1 (failed).
 DEBUG [fe997f2d] Running [ -d /home/deploy/encuestamedica/releases/20190319182213/tmp/sockets ] as deploy@plusupch.ddns.net
 DEBUG [fe997f2d] Command: [ -d /home/deploy/encuestamedica/releases/20190319182213/tmp/sockets ]
 DEBUG [8e0c5672] Finished in 0.965 seconds with exit status 1 (failed).
  INFO [daeb02b5] Running /usr/bin/env ln -s /home/deploy/encuestamedica/shared/tmp/sockets /home/deploy/encuestamedica/releases/20190319182213/tmp/sockets as deploy@plusupch.ddns.net
 DEBUG [daeb02b5] Command: ( export RBENV_ROOT="$HOME/.rbenv" RBENV_VERSION="2.6.1" ; /usr/bin/env ln -s /home/deploy/encuestamedica/shared/tmp/sockets /home/deploy/encuestamedica/releases/20190319182213/tmp/sockets )
  INFO [628fbce6] Finished in 0.928 seconds with exit status 0 (successful).
 DEBUG [75196c5d] Running [ -L /home/deploy/encuestamedica/releases/20190319182213/vendor/bundle ] as deploy@plusupch.ddns.net
 DEBUG [75196c5d] Command: [ -L /home/deploy/encuestamedica/releases/20190319182213/vendor/bundle ]
 DEBUG [95e5190e] Finished in 1.179 seconds with exit status 1 (failed).
 DEBUG [1f294ead] Running [ -d /home/deploy/encuestamedica/releases/20190319182213/vendor/bundle ] as deploy@plusupch.ddns.net
 DEBUG [1f294ead] Command: [ -d /home/deploy/encuestamedica/releases/20190319182213/vendor/bundle ]
 DEBUG [971f2f40] Finished in 2.106 seconds with exit status 1 (failed).
  INFO [90598c48] Running /usr/bin/env ln -s /home/deploy/encuestamedica/shared/vendor/bundle /home/deploy/encuestamedica/releases/20190319182213/vendor/bundle as deploy@plusupch.ddns.net
 DEBUG [90598c48] Command: ( export RBENV_ROOT="$HOME/.rbenv" RBENV_VERSION="2.6.1" ; /usr/bin/env ln -s /home/deploy/encuestamedica/shared/vendor/bundle /home/deploy/encuestamedica/releases/20190319182213/vendor/bundle )
  INFO [d2df42c7] Finished in 1.916 seconds with exit status 0 (successful).
 DEBUG [eddd73ca] Running [ -L /home/deploy/encuestamedica/releases/20190319182213/.bundle ] as deploy@plusupch.ddns.net
 DEBUG [eddd73ca] Command: [ -L /home/deploy/encuestamedica/releases/20190319182213/.bundle ]
 DEBUG [77ba4c39] Finished in 3.693 seconds with exit status 1 (failed).
 DEBUG [3b02432e] Running [ -d /home/deploy/encuestamedica/releases/20190319182213/.bundle ] as deploy@plusupch.ddns.net
 DEBUG [3b02432e] Command: [ -d /home/deploy/encuestamedica/releases/20190319182213/.bundle ]
 DEBUG [4be1e027] Finished in 1.351 seconds with exit status 1 (failed).
  INFO [d263b502] Running /usr/bin/env ln -s /home/deploy/encuestamedica/shared/.bundle /home/deploy/encuestamedica/releases/20190319182213/.bundle as deploy@plusupch.ddns.net
 DEBUG [d263b502] Command: ( export RBENV_ROOT="$HOME/.rbenv" RBENV_VERSION="2.6.1" ; /usr/bin/env ln -s /home/deploy/encuestamedica/shared/.bundle /home/deploy/encuestamedica/releases/20190319182213/.bundle )
  INFO [29a074cb] Finished in 1.150 seconds with exit status 0 (successful).
 DEBUG [d2998e47] Running [ -L /home/deploy/encuestamedica/releases/20190319182213/public/system ] as deploy@plusupch.ddns.net
 DEBUG [d2998e47] Command: [ -L /home/deploy/encuestamedica/releases/20190319182213/public/system ]
 DEBUG [f2d9d835] Finished in 1.311 seconds with exit status 1 (failed).
 DEBUG [7a783ff5] Running [ -d /home/deploy/encuestamedica/releases/20190319182213/public/system ] as deploy@plusupch.ddns.net
 DEBUG [7a783ff5] Command: [ -d /home/deploy/encuestamedica/releases/20190319182213/public/system ]
 DEBUG [c60c53e1] Finished in 1.279 seconds with exit status 1 (failed).
  INFO [a13dcf18] Running /usr/bin/env ln -s /home/deploy/encuestamedica/shared/public/system /home/deploy/encuestamedica/releases/20190319182213/public/system as deploy@plusupch.ddns.net
 DEBUG [a13dcf18] Command: ( export RBENV_ROOT="$HOME/.rbenv" RBENV_VERSION="2.6.1" ; /usr/bin/env ln -s /home/deploy/encuestamedica/shared/public/system /home/deploy/encuestamedica/releases/20190319182213/public/system )
  INFO [99dbbfca] Finished in 1.625 seconds with exit status 0 (successful).
 DEBUG [2397b3c7] Running [ -L /home/deploy/encuestamedica/releases/20190319182213/public/uploads ] as deploy@plusupch.ddns.net
 DEBUG [2397b3c7] Command: [ -L /home/deploy/encuestamedica/releases/20190319182213/public/uploads ]
 DEBUG [dd2137e5] Finished in 3.199 seconds with exit status 1 (failed).
 DEBUG [58687f69] Running [ -d /home/deploy/encuestamedica/releases/20190319182213/public/uploads ] as deploy@plusupch.ddns.net
 DEBUG [58687f69] Command: [ -d /home/deploy/encuestamedica/releases/20190319182213/public/uploads ]
 DEBUG [6089e927] Finished in 2.158 seconds with exit status 1 (failed).
  INFO [d9fbbc79] Running /usr/bin/env ln -s /home/deploy/encuestamedica/shared/public/uploads /home/deploy/encuestamedica/releases/20190319182213/public/uploads as deploy@plusupch.ddns.net
 DEBUG [d9fbbc79] Command: ( export RBENV_ROOT="$HOME/.rbenv" RBENV_VERSION="2.6.1" ; /usr/bin/env ln -s /home/deploy/encuestamedica/shared/public/uploads /home/deploy/encuestamedica/releases/20190319182213/public/uploads )
  INFO [a28b0d59] Finished in 2.070 seconds with exit status 0 (successful).
 DEBUG [afaa968c] Running [ -L /home/deploy/encuestamedica/releases/20190319182213/public/assets ] as deploy@plusupch.ddns.net
 DEBUG [afaa968c] Command: [ -L /home/deploy/encuestamedica/releases/20190319182213/public/assets ]
 DEBUG [aad476d8] Finished in 0.705 seconds with exit status 1 (failed).
 DEBUG [b3b86981] Running [ -d /home/deploy/encuestamedica/releases/20190319182213/public/assets ] as deploy@plusupch.ddns.net
 DEBUG [b3b86981] Command: [ -d /home/deploy/encuestamedica/releases/20190319182213/public/assets ]
 DEBUG [eda7aa10] Finished in 0.270 seconds with exit status 1 (failed).
  INFO [9cf3ba04] Running /usr/bin/env ln -s /home/deploy/encuestamedica/shared/public/assets /home/deploy/encuestamedica/releases/20190319182213/public/assets as deploy@plusupch.ddns.net
 DEBUG [9cf3ba04] Command: ( export RBENV_ROOT="$HOME/.rbenv" RBENV_VERSION="2.6.1" ; /usr/bin/env ln -s /home/deploy/encuestamedica/shared/public/assets /home/deploy/encuestamedica/releases/20190319182213/public/assets )
  INFO [d0079f50] Finished in 0.266 seconds with exit status 0 (successful).
 DEBUG [11f5cd8a] Running if test ! -d /home/deploy/encuestamedica/releases/20190319182213; then echo "Directory does not exist '/home/deploy/encuestamedica/releases/20190319182213'" 1>&2; false; fi as deploy@plusupch.ddns.net
 DEBUG [11f5cd8a] Command: if test ! -d /home/deploy/encuestamedica/releases/20190319182213; then echo "Directory does not exist '/home/deploy/encuestamedica/releases/20190319182213'" 1>&2; false; fi
 DEBUG [26cd2ae3] Finished in 0.349 seconds with exit status 0 (successful).
 DEBUG [7d9c9901] Running $HOME/.rbenv/bin/rbenv exec bundle check --path /home/deploy/encuestamedica/shared/bundle as deploy@plusupch.ddns.net
 DEBUG [7d9c9901] Command: cd /home/deploy/encuestamedica/releases/20190319182213 && ( export RBENV_ROOT="$HOME/.rbenv" RBENV_VERSION="2.6.1" ; $HOME/.rbenv/bin/rbenv exec bundle check --path /home/deploy/encuestamedica/shared/bundle )
 DEBUG [8406e188] 	The git source `git://github.com/plataformatec/devise.git` uses the `git` protocol, which transmits data without encryption. Disable this warning with `bundle config git.allow_insecure true`, or switch to the `https` protocol to keep your data secure.
 DEBUG [8406e188] 	The Gemfile's dependencies are satisfied
 DEBUG [8406e188] Finished in 1.173 seconds with exit status 0 (successful).
  INFO The Gemfile's dependencies are satisfied, skipping installation
  INFO [deploy:migrate] Run `rake db:migrate`
 DEBUG [f508c607] Running if test ! -d /home/deploy/encuestamedica/releases/20190319182213; then echo "Directory does not exist '/home/deploy/encuestamedica/releases/20190319182213'" 1>&2; false; fi as deploy@plusupch.ddns.net
 DEBUG [f508c607] Command: if test ! -d /home/deploy/encuestamedica/releases/20190319182213; then echo "Directory does not exist '/home/deploy/encuestamedica/releases/20190319182213'" 1>&2; false; fi
 DEBUG [df81bba2] Finished in 0.881 seconds with exit status 0 (successful).
  INFO [cc425cdc] Running $HOME/.rbenv/bin/rbenv exec bundle exec rake db:migrate as deploy@plusupch.ddns.net
 DEBUG [cc425cdc] Command: cd /home/deploy/encuestamedica/releases/20190319182213 && ( export RBENV_ROOT="$HOME/.rbenv" RBENV_VERSION="2.6.1" RAILS_ENV="production" ; $HOME/.rbenv/bin/rbenv exec bundle exec rake db:migrate )
 DEBUG [f5aaa878] 	rake aborted!
URI::InvalidURIError: the scheme mysql2 does not accept registry part: deploy:Up@14111989@localhost (or bad hostname?)
 DEBUG [f5aaa878] 	/home/deploy/encuestamedica/shared/bundle/ruby/2.6.0/gems/activerecord-5.1.6/lib/active_record/connection_adapters/connection_specification.rb:38:in `initialize'
/home/deploy/encuestamedica/shared/bundle/ruby/2.6.0/gems/activerecord-5.1.6/lib/active_record/connection_adapters/connection_specification.rb:268:in `new'
/home/deploy/encuestamedica/shared/bundle/ruby/2.6.0/gems/activerecord-5.1.6/lib/active_record/connection_adapters/connection_specification.rb:268:in `resolve_url_connection'
/home/deploy/encuestamedica/shared/bundle/ruby/2.6.0/gems/activerecord-5.1.6/lib/active_record/connection_adapters/connection_specification.rb:256:in `resolve_hash_connection'
/home/deploy/encuestamedica/shared/bundle/ruby/2.6.0/gems/activerecord-5.1.6/lib/active_record/connection_adapters/connection_specification.rb:231:in `resolve_connection'
/home/deploy/encuestamedica/shared/bundle/ruby/2.6.0/gems/activerecord-5.1.6/lib/active_record/connection_adapters/connection_specification.rb:141:in `resolve'
/home/deploy/encuestamedica/shared/bundle/ruby/2.6.0/gems/activerecord-5.1.6/lib/active_record/connection_adapters/connection_specification.rb:161:in `block in resolve_all'
/home/deploy/encuestamedica/shared/bundle/ruby/2.6.0/gems/activerecord-5.1.6/lib/active_record/connection_adapters/connection_specification.rb:160:in `each'
/home/deploy/encuestamedica/shared/bundle/ruby/2.6.0/gems/activerecord-5.1.6/lib/active_record/connection_adapters/connection_specification.rb:160:in `resolve_all'
/home/deploy/encuestamedica/shared/bundle/ruby/2.6.0/gems/activerecord-5.1.6/lib/active_record/connection_handling.rb:70:in `resolve'
/home/deploy/encuestamedica/shared/bundle/ruby/2.6.0/gems/activerecord-5.1.6/lib/active_record/core.rb:46:in `configurations='
/home/deploy/encuestamedica/shared/bundle/ruby/2.6.0/gems/activerecord-5.1.6/lib/active_record/core.rb:48:in `block in <module:Core>'
/home/deploy/encuestamedica/shared/bundle/ruby/2.6.0/gems/activesupport-5.1.6/lib/active_support/concern.rb:120:in `class_eval'
/home/deploy/encuestamedica/shared/bundle/ruby/2.6.0/gems/activesupport-5.1.6/lib/active_support/concern.rb:120:in `append_features'
/home/deploy/encuestamedica/shared/bundle/ruby/2.6.0/gems/activerecord-5.1.6/lib/active_record/base.rb:291:in `include'
/home/deploy/encuestamedica/shared/bundle/ruby/2.6.0/gems/activerecord-5.1.6/lib/active_record/base.rb:291:in `<class:Base>'
/home/deploy/encuestamedica/shared/bundle/ruby/2.6.0/gems/activerecord-5.1.6/lib/active_record/base.rb:275:in `<module:ActiveRecord>'
/home/deploy/encuestamedica/shared/bundle/ruby/2.6.0/gems/activerecord-5.1.6/lib/active_record/base.rb:25:in `<top (required)>'
/home/deploy/encuestamedica/shared/bundle/ruby/2.6.0/gems/activesupport-5.1.6/lib/active_support/dependencies.rb:292:in `require'
/home/deploy/encuestamedica/shared/bundle/ruby/2.6.0/gems/activesupport-5.1.6/lib/active_support/dependencies.rb:292:in `block in require'
/home/deploy/encuestamedica/shared/bundle/ruby/2.6.0/gems/activesupport-5.1.6/lib/active_support/dependencies.rb:258:in `load_dependency'
/home/deploy/encuestamedica/shared/bundle/ruby/2.6.0/gems/activesupport-5.1.6/lib/active_support/dependencies.rb:292:in `require'
/home/deploy/encuestamedica/releases/20190319182213/app/models/application_record.rb:1:in `<top (required)>'
/home/deploy/encuestamedica/shared/bundle/ruby/2.6.0/gems/activesupport-5.1.6/lib/active_support/dependencies.rb:292:in `require'
/home/deploy/encuestamedica/shared/bundle/ruby/2.6.0/gems/activesupport-5.1.6/lib/active_support/dependencies.rb:292:in `block in require'
/home/deploy/encuestamedica/shared/bundle/ruby/2.6.0/gems/activesupport-5.1.6/lib/active_support/dependencies.rb:258:in `load_dependency'
/home/deploy/encuestamedica/shared/bundle/ruby/2.6.0/gems/activesupport-5.1.6/lib/active_support/dependencies.rb:292:in `require'
/home/deploy/encuestamedica/shared/bundle/ruby/2.6.0/gems/activesupport-5.1.6/lib/active_support/dependencies.rb:379:in `block in require_or_load'
/home/deploy/encuestamedica/shared/bundle/ruby/2.6.0/gems/activesupport-5.1.6/lib/active_support/dependencies.rb:36:in `block in load_interlock'
/home/deploy/encuestamedica/shared/bundle/ruby/2.6.0/gems/activesupport-5.1.6/lib/active_support/dependencies/interlock.rb:12:in `block in loading'
/home/deploy/encuestamedica/shared/bundle/ruby/2.6.0/gems/activesupport-5.1.6/lib/active_support/concurrency/share_lock.rb:149:in `exclusive'
/home/deploy/encuestamedica/shared/bundle/ruby/2.6.0/gems/activesupport-5.1.6/lib/active_support/dependencies/interlock.rb:11:in `loading'
/home/deploy/encuestamedica/shared/bundle/ruby/2.6.0/gems/activesupport-5.1.6/lib/active_support/dependencies.rb:36:in `load_interlock'
/home/deploy/encuestamedica/shared/bundle/ruby/2.6.0/gems/activesupport-5.1.6/lib/active_support/dependencies.rb:357:in `require_or_load'
/home/deploy/encuestamedica/shared/bundle/ruby/2.6.0/gems/activesupport-5.1.6/lib/active_support/dependencies.rb:511:in `load_missing_constant'
/home/deploy/encuestamedica/shared/bundle/ruby/2.6.0/gems/activesupport-5.1.6/lib/active_support/dependencies.rb:202:in `const_missing'
/home/deploy/encuestamedica/releases/20190319182213/app/models/user.rb:1:in `<top (required)>'
/home/deploy/encuestamedica/shared/bundle/ruby/2.6.0/gems/activesupport-5.1.6/lib/active_support/dependencies.rb:292:in `require'
/home/deploy/encuestamedica/shared/bundle/ruby/2.6.0/gems/activesupport-5.1.6/lib/active_support/dependencies.rb:292:in `block in require'
/home/deploy/encuestamedica/shared/bundle/ruby/2.6.0/gems/activesupport-5.1.6/lib/active_support/dependencies.rb:258:in `load_dependency'
/home/deploy/encuestamedica/shared/bundle/ruby/2.6.0/gems/activesupport-5.1.6/lib/active_support/dependencies.rb:292:in `require'
/home/deploy/encuestamedica/shared/bundle/ruby/2.6.0/gems/activesupport-5.1.6/lib/active_support/dependencies.rb:379:in `block in require_or_load'
/home/deploy/encuestamedica/shared/bundle/ruby/2.6.0/gems/activesupport-5.1.6/lib/active_support/dependencies.rb:36:in `block in load_interlock'
/home/deploy/encuestamedica/shared/bundle/ruby/2.6.0/gems/activesupport-5.1.6/lib/active_support/dependencies/interlock.rb:12:in `block in loading'
/home/deploy/encuestamedica/shared/bundle/ruby/2.6.0/gems/activesupport-5.1.6/lib/active_support/concurrency/share_lock.rb:149:in `exclusive'
/home/deploy/encuestamedica/shared/bundle/ruby/2.6.0/gems/activesupport-5.1.6/lib/active_support/dependencies/interlock.rb:11:in `loading'
/home/deploy/encuestamedica/shared/bundle/ruby/2.6.0/gems/activesupport-5.1.6/lib/active_support/dependencies.rb:36:in `load_interlock'
/home/deploy/encuestamedica/shared/bundle/ruby/2.6.0/gems/activesupport-5.1.6/lib/active_support/dependencies.rb:357:in `require_or_load'
/home/deploy/encuestamedica/shared/bundle/ruby/2.6.0/gems/activesupport-5.1.6/lib/active_support/dependencies.rb:511:in `load_missing_constant'
/home/deploy/encuestamedica/shared/bundle/ruby/2.6.0/gems/activesupport-5.1.6/lib/active_support/dependencies.rb:202:in `const_missing'
/home/deploy/encuestamedica/shared/bundle/ruby/2.6.0/gems/activesupport-5.1.6/lib/active_support/inflector/methods.rb:269:in `const_get'
/home/deploy/encuestamedica/shared/bundle/ruby/2.6.0/gems/activesupport-5.1.6/lib/active_support/inflector/methods.rb:269:in `block in constantize'
/home/deploy/encuestamedica/shared/bundle/ruby/2.6.0/gems/activesupport-5.1.6/lib/active_support/inflector/methods.rb:267:in `each'
/home/deploy/encuestamedica/shared/bundle/ruby/2.6.0/gems/activesupport-5.1.6/lib/active_support/inflector/methods.rb:267:in `inject'
/home/deploy/encuestamedica/shared/bundle/ruby/2.6.0/gems/activesupport-5.1.6/lib/active_support/inflector/methods.rb:267:in `constantize'
/home/deploy/encuestamedica/shared/bundle/ruby/2.6.0/gems/activesupport-5.1.6/lib/active_support/dependencies.rb:583:in `get'
/home/deploy/encuestamedica/shared/bundle/ruby/2.6.0/gems/activesupport-5.1.6/lib/active_support/dependencies.rb:614:in `constantize'
/home/deploy/encuestamedica/shared/bundle/ruby/2.6.0/bundler/gems/devise-52b24e41de50/lib/devise.rb:316:in `get'
/home/deploy/encuestamedica/shared/bundle/ruby/2.6.0/bundler/gems/devise-52b24e41de50/lib/devise/mapping.rb:83:in `to'
/home/deploy/encuestamedica/shared/bundle/ruby/2.6.0/bundler/gems/devise-52b24e41de50/lib/devise/mapping.rb:78:in `modules'
/home/deploy/encuestamedica/shared/bundle/ruby/2.6.0/bundler/gems/devise-52b24e41de50/lib/devise/mapping.rb:95:in `routes'
/home/deploy/encuestamedica/shared/bundle/ruby/2.6.0/bundler/gems/devise-52b24e41de50/lib/devise/mapping.rb:162:in `default_used_route'
/home/deploy/encuestamedica/shared/bundle/ruby/2.6.0/bundler/gems/devise-52b24e41de50/lib/devise/mapping.rb:72:in `initialize'
/home/deploy/encuestamedica/shared/bundle/ruby/2.6.0/bundler/gems/devise-52b24e41de50/lib/devise.rb:346:in `new'
/home/deploy/encuestamedica/shared/bundle/ruby/2.6.0/bundler/gems/devise-52b24e41de50/lib/devise.rb:346:in `add_mapping'
/home/deploy/encuestamedica/shared/bundle/ruby/2.6.0/bundler/gems/devise-52b24e41de50/lib/devise/rails/routes.rb:243:in `block in devise_for'
/home/deploy/encuestamedica/shared/bundle/ruby/2.6.0/bundler/gems/devise-52b24e41de50/lib/devise/rails/routes.rb:242:in `each'
/home/deploy/encuestamedica/shared/bundle/ruby/2.6.0/bundler/gems/devise-52b24e41de50/lib/devise/rails/routes.rb:242:in `devise_for'
/home/deploy/encuestamedica/releases/20190319182213/config/routes.rb:2:in `block in <top (required)>'
/home/deploy/encuestamedica/shared/bundle/ruby/2.6.0/gems/actionpack-5.1.6/lib/action_dispatch/routing/route_set.rb:436:in `instance_exec'
/home/deploy/encuestamedica/shared/bundle/ruby/2.6.0/gems/actionpack-5.1.6/lib/action_dispatch/routing/route_set.rb:436:in `eval_block'
/home/deploy/encuestamedica/shared/bundle/ruby/2.6.0/gems/actionpack-5.1.6/lib/action_dispatch/routing/route_set.rb:418:in `draw'
/home/deploy/encuestamedica/releases/20190319182213/config/routes.rb:1:in `<top (required)>'
/home/deploy/encuestamedica/shared/bundle/ruby/2.6.0/gems/activesupport-5.1.6/lib/active_support/dependencies.rb:286:in `load'
/home/deploy/encuestamedica/shared/bundle/ruby/2.6.0/gems/activesupport-5.1.6/lib/active_support/dependencies.rb:286:in `block in load'
/home/deploy/encuestamedica/shared/bundle/ruby/2.6.0/gems/activesupport-5.1.6/lib/active_support/dependencies.rb:258:in `load_dependency'
/home/deploy/encuestamedica/shared/bundle/ruby/2.6.0/gems/activesupport-5.1.6/lib/active_support/dependencies.rb:286:in `load'
/home/deploy/encuestamedica/shared/bundle/ruby/2.6.0/gems/railties-5.1.6/lib/rails/application/routes_reloader.rb:55:in `block in load_paths'
/home/deploy/encuestamedica/shared/bundle/ruby/2.6.0/gems/railties-5.1.6/lib/rails/application/routes_reloader.rb:55:in `each'
/home/deploy/encuestamedica/shared/bundle/ruby/2.6.0/gems/railties-5.1.6/lib/rails/application/routes_reloader.rb:55:in `load_paths'
/home/deploy/encuestamedica/shared/bundle/ruby/2.6.0/gems/railties-5.1.6/lib/rails/application/routes_reloader.rb:18:in `reload!'
/home/deploy/encuestamedica/shared/bundle/ruby/2.6.0/gems/railties-5.1.6/lib/rails/application/routes_reloader.rb:41:in `block in updater'
/home/deploy/encuestamedica/shared/bundle/ruby/2.6.0/gems/activesupport-5.1.6/lib/active_support/file_update_checker.rb:81:in `execute'
/home/deploy/encuestamedica/shared/bundle/ruby/2.6.0/gems/railties-5.1.6/lib/rails/application/routes_reloader.rb:42:in `updater'
/home/deploy/encuestamedica/shared/bundle/ruby/2.6.0/gems/railties-5.1.6/lib/rails/application/routes_reloader.rb:31:in `execute_if_updated'
/home/deploy/encuestamedica/shared/bundle/ruby/2.6.0/gems/railties-5.1.6/lib/rails/application/finisher.rb:128:in `block in <module:Finisher>'
/home/deploy/encuestamedica/shared/bundle/ruby/2.6.0/gems/railties-5.1.6/lib/rails/initializable.rb:30:in `instance_exec'
/home/deploy/encuestamedica/shared/bundle/ruby/2.6.0/gems/railties-5.1.6/lib/rails/initializable.rb:30:in `run'
/home/deploy/encuestamedica/shared/bundle/ruby/2.6.0/gems/railties-5.1.6/lib/rails/initializable.rb:59:in `block in run_initializers'
/home/deploy/encuestamedica/shared/bundle/ruby/2.6.0/gems/railties-5.1.6/lib/rails/initializable.rb:58:in `run_initializers'
/home/deploy/encuestamedica/shared/bundle/ruby/2.6.0/gems/railties-5.1.6/lib/rails/application.rb:353:in `initialize!'
/home/deploy/encuestamedica/releases/20190319182213/config/environment.rb:5:in `<top (required)>'
/home/deploy/encuestamedica/shared/bundle/ruby/2.6.0/gems/activesupport-5.1.6/lib/active_support/dependencies.rb:292:in `require'
/home/deploy/encuestamedica/shared/bundle/ruby/2.6.0/gems/activesupport-5.1.6/lib/active_support/dependencies.rb:292:in `block in require'
/home/deploy/encuestamedica/shared/bundle/ruby/2.6.0/gems/activesupport-5.1.6/lib/active_support/dependencies.rb:258:in `load_dependency'
/home/deploy/encuestamedica/shared/bundle/ruby/2.6.0/gems/activesupport-5.1.6/lib/active_support/dependencies.rb:292:in `require'
/home/deploy/encuestamedica/shared/bundle/ruby/2.6.0/gems/railties-5.1.6/lib/rails/application.rb:329:in `require_environment!'
/home/deploy/encuestamedica/shared/bundle/ruby/2.6.0/gems/railties-5.1.6/lib/rails/application.rb:445:in `block in run_tasks_blocks'
/home/deploy/encuestamedica/shared/bundle/ruby/2.6.0/gems/rake-12.3.1/exe/rake:27:in `<top (required)>'
/home/deploy/.rbenv/versions/2.6.1/bin/bundle:23:in `load'
/home/deploy/.rbenv/versions/2.6.1/bin/bundle:23:in `<main>'
 DEBUG [f5aaa878] 	Tasks: TOP => db:migrate => environment
(See full trace by running task with --trace)
  INFO ---------------------------------------------------------------------------
  INFO START 2019-03-19 12:33:50 -0600 cap production deploy
  INFO ---------------------------------------------------------------------------
 DEBUG [6889f385] Running [ -d $HOME/.rbenv/versions/2.6.1 ] as deploy@plusupch.ddns.net
 DEBUG [6889f385] Command: [ -d $HOME/.rbenv/versions/2.6.1 ]
 DEBUG [ce24c794] Finished in 13.101 seconds with exit status 0 (successful).
 DEBUG [846211bb] Running /usr/bin/env which passenger as deploy@plusupch.ddns.net
 DEBUG [846211bb] Command: /usr/bin/env which passenger
 DEBUG [532e2f1c] 	/usr/bin/passenger
 DEBUG [532e2f1c] Finished in 3.880 seconds with exit status 0 (successful).
  INFO [d4e17761] Running /usr/bin/env mkdir -p /tmp as deploy@plusupch.ddns.net
 DEBUG [d4e17761] Command: ( export RBENV_ROOT="$HOME/.rbenv" RBENV_VERSION="2.6.1" ; /usr/bin/env mkdir -p /tmp )
  INFO [22c69db3] Finished in 1.378 seconds with exit status 0 (successful).
 DEBUG Uploading /tmp/git-ssh-encuestamedica-production-Daniel Sarmiento.sh 0.0%
  INFO Uploading /tmp/git-ssh-encuestamedica-production-Daniel Sarmiento.sh 100.0%
  INFO [932463f4] Running /usr/bin/env chmod 700 /tmp/git-ssh-encuestamedica-production-Daniel\ Sarmiento.sh as deploy@plusupch.ddns.net
 DEBUG [932463f4] Command: ( export RBENV_ROOT="$HOME/.rbenv" RBENV_VERSION="2.6.1" ; /usr/bin/env chmod 700 /tmp/git-ssh-encuestamedica-production-Daniel\ Sarmiento.sh )
  INFO [bffa1192] Finished in 1.329 seconds with exit status 0 (successful).
  INFO [fc03aeb9] Running /usr/bin/env git ls-remote https://github.com/Daniel-Sarmiento/encuestamedica.git HEAD as deploy@plusupch.ddns.net
 DEBUG [fc03aeb9] Command: ( export RBENV_ROOT="$HOME/.rbenv" RBENV_VERSION="2.6.1" GIT_ASKPASS="/bin/echo" GIT_SSH="/tmp/git-ssh-encuestamedica-production-Daniel Sarmiento.sh" ; /usr/bin/env git ls-remote https://github.com/Daniel-Sarmiento/encuestamedica.git HEAD )
 DEBUG [e680fbcd] 	0ab871c2a84dcc92d320ec535a36e96f654eedac	HEAD
  INFO [e680fbcd] Finished in 0.892 seconds with exit status 0 (successful).
  INFO [1ef32149] Running /usr/bin/env mkdir -p /home/deploy/encuestamedica/shared /home/deploy/encuestamedica/releases as deploy@plusupch.ddns.net
 DEBUG [1ef32149] Command: ( export RBENV_ROOT="$HOME/.rbenv" RBENV_VERSION="2.6.1" ; /usr/bin/env mkdir -p /home/deploy/encuestamedica/shared /home/deploy/encuestamedica/releases )
  INFO [164d7d35] Finished in 0.453 seconds with exit status 0 (successful).
  INFO [e06dea52] Running /usr/bin/env mkdir -p /home/deploy/encuestamedica/shared/log /home/deploy/encuestamedica/shared/tmp/pids /home/deploy/encuestamedica/shared/tmp/cache /home/deploy/encuestamedica/shared/tmp/sockets /home/deploy/encuestamedica/shared/vendor/bundle /home/deploy/encuestamedica/shared/.bundle /home/deploy/encuestamedica/shared/public/system /home/deploy/encuestamedica/shared/public/uploads /home/deploy/encuestamedica/shared/public/assets as deploy@plusupch.ddns.net
 DEBUG [e06dea52] Command: ( export RBENV_ROOT="$HOME/.rbenv" RBENV_VERSION="2.6.1" ; /usr/bin/env mkdir -p /home/deploy/encuestamedica/shared/log /home/deploy/encuestamedica/shared/tmp/pids /home/deploy/encuestamedica/shared/tmp/cache /home/deploy/encuestamedica/shared/tmp/sockets /home/deploy/encuestamedica/shared/vendor/bundle /home/deploy/encuestamedica/shared/.bundle /home/deploy/encuestamedica/shared/public/system /home/deploy/encuestamedica/shared/public/uploads /home/deploy/encuestamedica/shared/public/assets )
  INFO [99b6f117] Finished in 1.317 seconds with exit status 0 (successful).
 DEBUG [772a1349] Running [ -f /home/deploy/encuestamedica/current/REVISION ] as deploy@plusupch.ddns.net
 DEBUG [772a1349] Command: [ -f /home/deploy/encuestamedica/current/REVISION ]
 DEBUG [c7a2e32c] Finished in 0.865 seconds with exit status 1 (failed).
 DEBUG [fe15bf2e] Running [ -f /home/deploy/encuestamedica/repo/HEAD ] as deploy@plusupch.ddns.net
 DEBUG [fe15bf2e] Command: [ -f /home/deploy/encuestamedica/repo/HEAD ]
 DEBUG [e42deca6] Finished in 0.441 seconds with exit status 0 (successful).
  INFO The repository mirror is at /home/deploy/encuestamedica/repo
 DEBUG [a311af51] Running if test ! -d /home/deploy/encuestamedica/repo; then echo "Directory does not exist '/home/deploy/encuestamedica/repo'" 1>&2; false; fi as deploy@plusupch.ddns.net
 DEBUG [a311af51] Command: if test ! -d /home/deploy/encuestamedica/repo; then echo "Directory does not exist '/home/deploy/encuestamedica/repo'" 1>&2; false; fi
 DEBUG [a7e7a1d0] Finished in 0.492 seconds with exit status 0 (successful).
  INFO [f30ed52c] Running /usr/bin/env git remote set-url origin https://github.com/Daniel-Sarmiento/encuestamedica.git as deploy@plusupch.ddns.net
 DEBUG [f30ed52c] Command: cd /home/deploy/encuestamedica/repo && ( export RBENV_ROOT="$HOME/.rbenv" RBENV_VERSION="2.6.1" GIT_ASKPASS="/bin/echo" GIT_SSH="/tmp/git-ssh-encuestamedica-production-Daniel Sarmiento.sh" ; /usr/bin/env git remote set-url origin https://github.com/Daniel-Sarmiento/encuestamedica.git )
  INFO [ba140ed8] Finished in 0.263 seconds with exit status 0 (successful).
  INFO [45d079ae] Running /usr/bin/env git remote update --prune as deploy@plusupch.ddns.net
 DEBUG [45d079ae] Command: cd /home/deploy/encuestamedica/repo && ( export RBENV_ROOT="$HOME/.rbenv" RBENV_VERSION="2.6.1" GIT_ASKPASS="/bin/echo" GIT_SSH="/tmp/git-ssh-encuestamedica-production-Daniel Sarmiento.sh" ; /usr/bin/env git remote update --prune )
 DEBUG [4a98eba9] 	Fetching origin
  INFO [4a98eba9] Finished in 0.967 seconds with exit status 0 (successful).
 DEBUG [5991e497] Running if test ! -d /home/deploy/encuestamedica/repo; then echo "Directory does not exist '/home/deploy/encuestamedica/repo'" 1>&2; false; fi as deploy@plusupch.ddns.net
 DEBUG [5991e497] Command: if test ! -d /home/deploy/encuestamedica/repo; then echo "Directory does not exist '/home/deploy/encuestamedica/repo'" 1>&2; false; fi
 DEBUG [3acf3024] Finished in 0.888 seconds with exit status 0 (successful).
  INFO [8650af0e] Running /usr/bin/env mkdir -p /home/deploy/encuestamedica/releases/20190319183415 as deploy@plusupch.ddns.net
 DEBUG [8650af0e] Command: cd /home/deploy/encuestamedica/repo && ( export RBENV_ROOT="$HOME/.rbenv" RBENV_VERSION="2.6.1" GIT_ASKPASS="/bin/echo" GIT_SSH="/tmp/git-ssh-encuestamedica-production-Daniel Sarmiento.sh" ; /usr/bin/env mkdir -p /home/deploy/encuestamedica/releases/20190319183415 )
  INFO [ecb57ce6] Finished in 1.650 seconds with exit status 0 (successful).
  INFO [931f444c] Running /usr/bin/env git archive master | /usr/bin/env tar -x -f - -C /home/deploy/encuestamedica/releases/20190319183415 as deploy@plusupch.ddns.net
 DEBUG [931f444c] Command: cd /home/deploy/encuestamedica/repo && ( export RBENV_ROOT="$HOME/.rbenv" RBENV_VERSION="2.6.1" GIT_ASKPASS="/bin/echo" GIT_SSH="/tmp/git-ssh-encuestamedica-production-Daniel Sarmiento.sh" ; /usr/bin/env git archive master | /usr/bin/env tar -x -f - -C /home/deploy/encuestamedica/releases/20190319183415 )
  INFO [fba657a5] Finished in 1.675 seconds with exit status 0 (successful).
 DEBUG [9cd170ad] Running if test ! -d /home/deploy/encuestamedica/repo; then echo "Directory does not exist '/home/deploy/encuestamedica/repo'" 1>&2; false; fi as deploy@plusupch.ddns.net
 DEBUG [9cd170ad] Command: if test ! -d /home/deploy/encuestamedica/repo; then echo "Directory does not exist '/home/deploy/encuestamedica/repo'" 1>&2; false; fi
 DEBUG [c03feef6] Finished in 0.872 seconds with exit status 0 (successful).
 DEBUG [1a56d6a4] Running /usr/bin/env git rev-list --max-count=1 master as deploy@plusupch.ddns.net
 DEBUG [1a56d6a4] Command: cd /home/deploy/encuestamedica/repo && ( export RBENV_ROOT="$HOME/.rbenv" RBENV_VERSION="2.6.1" GIT_ASKPASS="/bin/echo" GIT_SSH="/tmp/git-ssh-encuestamedica-production-Daniel Sarmiento.sh" ; /usr/bin/env git rev-list --max-count=1 master )
 DEBUG [ac386260] 	0ab871c2a84dcc92d320ec535a36e96f654eedac
 DEBUG [ac386260] Finished in 1.421 seconds with exit status 0 (successful).
 DEBUG [ab17bf70] Running if test ! -d /home/deploy/encuestamedica/releases/20190319183415; then echo "Directory does not exist '/home/deploy/encuestamedica/releases/20190319183415'" 1>&2; false; fi as deploy@plusupch.ddns.net
 DEBUG [ab17bf70] Command: if test ! -d /home/deploy/encuestamedica/releases/20190319183415; then echo "Directory does not exist '/home/deploy/encuestamedica/releases/20190319183415'" 1>&2; false; fi
 DEBUG [182ad976] Finished in 0.564 seconds with exit status 0 (successful).
  INFO [b8e86e98] Running /usr/bin/env echo "0ab871c2a84dcc92d320ec535a36e96f654eedac" > REVISION as deploy@plusupch.ddns.net
 DEBUG [b8e86e98] Command: cd /home/deploy/encuestamedica/releases/20190319183415 && ( export RBENV_ROOT="$HOME/.rbenv" RBENV_VERSION="2.6.1" ; /usr/bin/env echo "0ab871c2a84dcc92d320ec535a36e96f654eedac" > REVISION )
  INFO [27417092] Finished in 1.285 seconds with exit status 0 (successful).
  INFO [ca700681] Running /usr/bin/env mkdir -p /home/deploy/encuestamedica/releases/20190319183415 /home/deploy/encuestamedica/releases/20190319183415/tmp /home/deploy/encuestamedica/releases/20190319183415/vendor /home/deploy/encuestamedica/releases/20190319183415/public as deploy@plusupch.ddns.net
 DEBUG [ca700681] Command: ( export RBENV_ROOT="$HOME/.rbenv" RBENV_VERSION="2.6.1" ; /usr/bin/env mkdir -p /home/deploy/encuestamedica/releases/20190319183415 /home/deploy/encuestamedica/releases/20190319183415/tmp /home/deploy/encuestamedica/releases/20190319183415/vendor /home/deploy/encuestamedica/releases/20190319183415/public )
  INFO [fe24cd02] Finished in 0.434 seconds with exit status 0 (successful).
 DEBUG [0c27758e] Running [ -L /home/deploy/encuestamedica/releases/20190319183415/log ] as deploy@plusupch.ddns.net
 DEBUG [0c27758e] Command: [ -L /home/deploy/encuestamedica/releases/20190319183415/log ]
 DEBUG [ff41b17b] Finished in 0.456 seconds with exit status 1 (failed).
 DEBUG [2fa3ca13] Running [ -d /home/deploy/encuestamedica/releases/20190319183415/log ] as deploy@plusupch.ddns.net
 DEBUG [2fa3ca13] Command: [ -d /home/deploy/encuestamedica/releases/20190319183415/log ]
 DEBUG [6c0b50d6] Finished in 0.487 seconds with exit status 0 (successful).
  INFO [c18d8635] Running /usr/bin/env rm -rf /home/deploy/encuestamedica/releases/20190319183415/log as deploy@plusupch.ddns.net
 DEBUG [c18d8635] Command: ( export RBENV_ROOT="$HOME/.rbenv" RBENV_VERSION="2.6.1" ; /usr/bin/env rm -rf /home/deploy/encuestamedica/releases/20190319183415/log )
  INFO [81f757d8] Finished in 0.253 seconds with exit status 0 (successful).
  INFO [342be665] Running /usr/bin/env ln -s /home/deploy/encuestamedica/shared/log /home/deploy/encuestamedica/releases/20190319183415/log as deploy@plusupch.ddns.net
 DEBUG [342be665] Command: ( export RBENV_ROOT="$HOME/.rbenv" RBENV_VERSION="2.6.1" ; /usr/bin/env ln -s /home/deploy/encuestamedica/shared/log /home/deploy/encuestamedica/releases/20190319183415/log )
  INFO [c89e36a8] Finished in 0.947 seconds with exit status 0 (successful).
 DEBUG [79ae6715] Running [ -L /home/deploy/encuestamedica/releases/20190319183415/tmp/pids ] as deploy@plusupch.ddns.net
 DEBUG [79ae6715] Command: [ -L /home/deploy/encuestamedica/releases/20190319183415/tmp/pids ]
 DEBUG [2e98793a] Finished in 0.219 seconds with exit status 1 (failed).
 DEBUG [6c0fe5d1] Running [ -d /home/deploy/encuestamedica/releases/20190319183415/tmp/pids ] as deploy@plusupch.ddns.net
 DEBUG [6c0fe5d1] Command: [ -d /home/deploy/encuestamedica/releases/20190319183415/tmp/pids ]
 DEBUG [16e66447] Finished in 0.356 seconds with exit status 1 (failed).
  INFO [d184b0dd] Running /usr/bin/env ln -s /home/deploy/encuestamedica/shared/tmp/pids /home/deploy/encuestamedica/releases/20190319183415/tmp/pids as deploy@plusupch.ddns.net
 DEBUG [d184b0dd] Command: ( export RBENV_ROOT="$HOME/.rbenv" RBENV_VERSION="2.6.1" ; /usr/bin/env ln -s /home/deploy/encuestamedica/shared/tmp/pids /home/deploy/encuestamedica/releases/20190319183415/tmp/pids )
  INFO [6168d47d] Finished in 0.295 seconds with exit status 0 (successful).
 DEBUG [5359ccdc] Running [ -L /home/deploy/encuestamedica/releases/20190319183415/tmp/cache ] as deploy@plusupch.ddns.net
 DEBUG [5359ccdc] Command: [ -L /home/deploy/encuestamedica/releases/20190319183415/tmp/cache ]
 DEBUG [2c7c5060] Finished in 0.340 seconds with exit status 1 (failed).
 DEBUG [05fcd534] Running [ -d /home/deploy/encuestamedica/releases/20190319183415/tmp/cache ] as deploy@plusupch.ddns.net
 DEBUG [05fcd534] Command: [ -d /home/deploy/encuestamedica/releases/20190319183415/tmp/cache ]
 DEBUG [8bc1c6f0] Finished in 1.178 seconds with exit status 1 (failed).
  INFO [fee45c04] Running /usr/bin/env ln -s /home/deploy/encuestamedica/shared/tmp/cache /home/deploy/encuestamedica/releases/20190319183415/tmp/cache as deploy@plusupch.ddns.net
 DEBUG [fee45c04] Command: ( export RBENV_ROOT="$HOME/.rbenv" RBENV_VERSION="2.6.1" ; /usr/bin/env ln -s /home/deploy/encuestamedica/shared/tmp/cache /home/deploy/encuestamedica/releases/20190319183415/tmp/cache )
  INFO [a823c7d1] Finished in 2.048 seconds with exit status 0 (successful).
 DEBUG [271fdbad] Running [ -L /home/deploy/encuestamedica/releases/20190319183415/tmp/sockets ] as deploy@plusupch.ddns.net
 DEBUG [271fdbad] Command: [ -L /home/deploy/encuestamedica/releases/20190319183415/tmp/sockets ]
 DEBUG [22e59817] Finished in 2.131 seconds with exit status 1 (failed).
 DEBUG [1a4ff39b] Running [ -d /home/deploy/encuestamedica/releases/20190319183415/tmp/sockets ] as deploy@plusupch.ddns.net
 DEBUG [1a4ff39b] Command: [ -d /home/deploy/encuestamedica/releases/20190319183415/tmp/sockets ]
 DEBUG [97e2f185] Finished in 2.194 seconds with exit status 1 (failed).
  INFO [58b1daab] Running /usr/bin/env ln -s /home/deploy/encuestamedica/shared/tmp/sockets /home/deploy/encuestamedica/releases/20190319183415/tmp/sockets as deploy@plusupch.ddns.net
 DEBUG [58b1daab] Command: ( export RBENV_ROOT="$HOME/.rbenv" RBENV_VERSION="2.6.1" ; /usr/bin/env ln -s /home/deploy/encuestamedica/shared/tmp/sockets /home/deploy/encuestamedica/releases/20190319183415/tmp/sockets )
  INFO [4f521b99] Finished in 0.974 seconds with exit status 0 (successful).
 DEBUG [b52ed657] Running [ -L /home/deploy/encuestamedica/releases/20190319183415/vendor/bundle ] as deploy@plusupch.ddns.net
 DEBUG [b52ed657] Command: [ -L /home/deploy/encuestamedica/releases/20190319183415/vendor/bundle ]
 DEBUG [49aa3bbf] Finished in 0.449 seconds with exit status 1 (failed).
 DEBUG [9d232dcb] Running [ -d /home/deploy/encuestamedica/releases/20190319183415/vendor/bundle ] as deploy@plusupch.ddns.net
 DEBUG [9d232dcb] Command: [ -d /home/deploy/encuestamedica/releases/20190319183415/vendor/bundle ]
 DEBUG [7788c145] Finished in 0.682 seconds with exit status 1 (failed).
  INFO [ff84f92d] Running /usr/bin/env ln -s /home/deploy/encuestamedica/shared/vendor/bundle /home/deploy/encuestamedica/releases/20190319183415/vendor/bundle as deploy@plusupch.ddns.net
 DEBUG [ff84f92d] Command: ( export RBENV_ROOT="$HOME/.rbenv" RBENV_VERSION="2.6.1" ; /usr/bin/env ln -s /home/deploy/encuestamedica/shared/vendor/bundle /home/deploy/encuestamedica/releases/20190319183415/vendor/bundle )
  INFO [f8f98194] Finished in 0.943 seconds with exit status 0 (successful).
 DEBUG [667bf1bc] Running [ -L /home/deploy/encuestamedica/releases/20190319183415/.bundle ] as deploy@plusupch.ddns.net
 DEBUG [667bf1bc] Command: [ -L /home/deploy/encuestamedica/releases/20190319183415/.bundle ]
 DEBUG [68129903] Finished in 1.134 seconds with exit status 1 (failed).
 DEBUG [35115c93] Running [ -d /home/deploy/encuestamedica/releases/20190319183415/.bundle ] as deploy@plusupch.ddns.net
 DEBUG [35115c93] Command: [ -d /home/deploy/encuestamedica/releases/20190319183415/.bundle ]
 DEBUG [f33193f1] Finished in 0.975 seconds with exit status 1 (failed).
  INFO [d400a101] Running /usr/bin/env ln -s /home/deploy/encuestamedica/shared/.bundle /home/deploy/encuestamedica/releases/20190319183415/.bundle as deploy@plusupch.ddns.net
 DEBUG [d400a101] Command: ( export RBENV_ROOT="$HOME/.rbenv" RBENV_VERSION="2.6.1" ; /usr/bin/env ln -s /home/deploy/encuestamedica/shared/.bundle /home/deploy/encuestamedica/releases/20190319183415/.bundle )
  INFO [e27ac129] Finished in 0.352 seconds with exit status 0 (successful).
 DEBUG [e4971556] Running [ -L /home/deploy/encuestamedica/releases/20190319183415/public/system ] as deploy@plusupch.ddns.net
 DEBUG [e4971556] Command: [ -L /home/deploy/encuestamedica/releases/20190319183415/public/system ]
 DEBUG [09de534a] Finished in 0.278 seconds with exit status 1 (failed).
 DEBUG [f1063bca] Running [ -d /home/deploy/encuestamedica/releases/20190319183415/public/system ] as deploy@plusupch.ddns.net
 DEBUG [f1063bca] Command: [ -d /home/deploy/encuestamedica/releases/20190319183415/public/system ]
 DEBUG [b26805d1] Finished in 0.294 seconds with exit status 1 (failed).
  INFO [f09b276b] Running /usr/bin/env ln -s /home/deploy/encuestamedica/shared/public/system /home/deploy/encuestamedica/releases/20190319183415/public/system as deploy@plusupch.ddns.net
 DEBUG [f09b276b] Command: ( export RBENV_ROOT="$HOME/.rbenv" RBENV_VERSION="2.6.1" ; /usr/bin/env ln -s /home/deploy/encuestamedica/shared/public/system /home/deploy/encuestamedica/releases/20190319183415/public/system )
  INFO [b17cd494] Finished in 0.316 seconds with exit status 0 (successful).
 DEBUG [a6a0cf82] Running [ -L /home/deploy/encuestamedica/releases/20190319183415/public/uploads ] as deploy@plusupch.ddns.net
 DEBUG [a6a0cf82] Command: [ -L /home/deploy/encuestamedica/releases/20190319183415/public/uploads ]
 DEBUG [3a8d68ea] Finished in 0.567 seconds with exit status 1 (failed).
 DEBUG [c93aed82] Running [ -d /home/deploy/encuestamedica/releases/20190319183415/public/uploads ] as deploy@plusupch.ddns.net
 DEBUG [c93aed82] Command: [ -d /home/deploy/encuestamedica/releases/20190319183415/public/uploads ]
 DEBUG [994f53e7] Finished in 0.696 seconds with exit status 1 (failed).
  INFO [3bb54947] Running /usr/bin/env ln -s /home/deploy/encuestamedica/shared/public/uploads /home/deploy/encuestamedica/releases/20190319183415/public/uploads as deploy@plusupch.ddns.net
 DEBUG [3bb54947] Command: ( export RBENV_ROOT="$HOME/.rbenv" RBENV_VERSION="2.6.1" ; /usr/bin/env ln -s /home/deploy/encuestamedica/shared/public/uploads /home/deploy/encuestamedica/releases/20190319183415/public/uploads )
  INFO [693e8f04] Finished in 1.406 seconds with exit status 0 (successful).
 DEBUG [cbd0f1c8] Running [ -L /home/deploy/encuestamedica/releases/20190319183415/public/assets ] as deploy@plusupch.ddns.net
 DEBUG [cbd0f1c8] Command: [ -L /home/deploy/encuestamedica/releases/20190319183415/public/assets ]
 DEBUG [b03a6178] Finished in 0.981 seconds with exit status 1 (failed).
 DEBUG [03e897f3] Running [ -d /home/deploy/encuestamedica/releases/20190319183415/public/assets ] as deploy@plusupch.ddns.net
 DEBUG [03e897f3] Command: [ -d /home/deploy/encuestamedica/releases/20190319183415/public/assets ]
 DEBUG [81fe6830] Finished in 1.155 seconds with exit status 1 (failed).
  INFO [a170847a] Running /usr/bin/env ln -s /home/deploy/encuestamedica/shared/public/assets /home/deploy/encuestamedica/releases/20190319183415/public/assets as deploy@plusupch.ddns.net
 DEBUG [a170847a] Command: ( export RBENV_ROOT="$HOME/.rbenv" RBENV_VERSION="2.6.1" ; /usr/bin/env ln -s /home/deploy/encuestamedica/shared/public/assets /home/deploy/encuestamedica/releases/20190319183415/public/assets )
  INFO [a2f6b6ff] Finished in 0.253 seconds with exit status 0 (successful).
 DEBUG [3843db3d] Running if test ! -d /home/deploy/encuestamedica/releases/20190319183415; then echo "Directory does not exist '/home/deploy/encuestamedica/releases/20190319183415'" 1>&2; false; fi as deploy@plusupch.ddns.net
 DEBUG [3843db3d] Command: if test ! -d /home/deploy/encuestamedica/releases/20190319183415; then echo "Directory does not exist '/home/deploy/encuestamedica/releases/20190319183415'" 1>&2; false; fi
 DEBUG [4a0495c9] Finished in 1.751 seconds with exit status 0 (successful).
 DEBUG [9b3e7f98] Running $HOME/.rbenv/bin/rbenv exec bundle check --path /home/deploy/encuestamedica/shared/bundle as deploy@plusupch.ddns.net
 DEBUG [9b3e7f98] Command: cd /home/deploy/encuestamedica/releases/20190319183415 && ( export RBENV_ROOT="$HOME/.rbenv" RBENV_VERSION="2.6.1" ; $HOME/.rbenv/bin/rbenv exec bundle check --path /home/deploy/encuestamedica/shared/bundle )
 DEBUG [9a3cc620] 	The git source `git://github.com/plataformatec/devise.git` uses the `git` protocol, which transmits data without encryption. Disable this warning with `bundle config git.allow_insecure true`, or switch to the `https` protocol to keep your data secure.
 DEBUG [9a3cc620] 	The Gemfile's dependencies are satisfied
 DEBUG [9a3cc620] Finished in 2.648 seconds with exit status 0 (successful).
  INFO The Gemfile's dependencies are satisfied, skipping installation
  INFO [deploy:migrate] Run `rake db:migrate`
 DEBUG [43f38b5e] Running if test ! -d /home/deploy/encuestamedica/releases/20190319183415; then echo "Directory does not exist '/home/deploy/encuestamedica/releases/20190319183415'" 1>&2; false; fi as deploy@plusupch.ddns.net
 DEBUG [43f38b5e] Command: if test ! -d /home/deploy/encuestamedica/releases/20190319183415; then echo "Directory does not exist '/home/deploy/encuestamedica/releases/20190319183415'" 1>&2; false; fi
 DEBUG [e42caa23] Finished in 1.332 seconds with exit status 0 (successful).
  INFO [34826c5e] Running $HOME/.rbenv/bin/rbenv exec bundle exec rake db:migrate as deploy@plusupch.ddns.net
 DEBUG [34826c5e] Command: cd /home/deploy/encuestamedica/releases/20190319183415 && ( export RBENV_ROOT="$HOME/.rbenv" RBENV_VERSION="2.6.1" RAILS_ENV="production" ; $HOME/.rbenv/bin/rbenv exec bundle exec rake db:migrate )
 DEBUG [203dd55a] 	rake aborted!
Mysql2::Error::ConnectionError: Can't connect to local MySQL server through socket '/tmp/mysql.sock' (2)
 DEBUG [203dd55a] 	/home/deploy/encuestamedica/shared/bundle/ruby/2.6.0/gems/mysql2-0.5.2/lib/mysql2/client.rb:90:in `connect'
/home/deploy/encuestamedica/shared/bundle/ruby/2.6.0/gems/mysql2-0.5.2/lib/mysql2/client.rb:90:in `initialize'
/home/deploy/encuestamedica/shared/bundle/ruby/2.6.0/gems/activerecord-5.1.6/lib/active_record/connection_adapters/mysql2_adapter.rb:21:in `new'
/home/deploy/encuestamedica/shared/bundle/ruby/2.6.0/gems/activerecord-5.1.6/lib/active_record/connection_adapters/mysql2_adapter.rb:21:in `mysql2_connection'
/home/deploy/encuestamedica/shared/bundle/ruby/2.6.0/gems/activerecord-5.1.6/lib/active_record/connection_adapters/abstract/connection_pool.rb:759:in `new_connection'
/home/deploy/encuestamedica/shared/bundle/ruby/2.6.0/gems/activerecord-5.1.6/lib/active_record/connection_adapters/abstract/connection_pool.rb:803:in `checkout_new_connection'
/home/deploy/encuestamedica/shared/bundle/ruby/2.6.0/gems/activerecord-5.1.6/lib/active_record/connection_adapters/abstract/connection_pool.rb:782:in `try_to_checkout_new_connection'
/home/deploy/encuestamedica/shared/bundle/ruby/2.6.0/gems/activerecord-5.1.6/lib/active_record/connection_adapters/abstract/connection_pool.rb:743:in `acquire_connection'
/home/deploy/encuestamedica/shared/bundle/ruby/2.6.0/gems/activerecord-5.1.6/lib/active_record/connection_adapters/abstract/connection_pool.rb:500:in `checkout'
/home/deploy/encuestamedica/shared/bundle/ruby/2.6.0/gems/activerecord-5.1.6/lib/active_record/connection_adapters/abstract/connection_pool.rb:374:in `connection'
/home/deploy/encuestamedica/shared/bundle/ruby/2.6.0/gems/activerecord-5.1.6/lib/active_record/connection_adapters/abstract/connection_pool.rb:931:in `retrieve_connection'
/home/deploy/encuestamedica/shared/bundle/ruby/2.6.0/gems/activerecord-5.1.6/lib/active_record/connection_handling.rb:116:in `retrieve_connection'
/home/deploy/encuestamedica/shared/bundle/ruby/2.6.0/gems/activerecord-5.1.6/lib/active_record/connection_handling.rb:88:in `connection'
/home/deploy/encuestamedica/shared/bundle/ruby/2.6.0/gems/activerecord-5.1.6/lib/active_record/schema_migration.rb:20:in `table_exists?'
/home/deploy/encuestamedica/shared/bundle/ruby/2.6.0/gems/activerecord-5.1.6/lib/active_record/schema_migration.rb:24:in `create_table'
/home/deploy/encuestamedica/shared/bundle/ruby/2.6.0/gems/activerecord-5.1.6/lib/active_record/migration.rb:1125:in `initialize'
/home/deploy/encuestamedica/shared/bundle/ruby/2.6.0/gems/activerecord-5.1.6/lib/active_record/migration.rb:1007:in `new'
/home/deploy/encuestamedica/shared/bundle/ruby/2.6.0/gems/activerecord-5.1.6/lib/active_record/migration.rb:1007:in `up'
/home/deploy/encuestamedica/shared/bundle/ruby/2.6.0/gems/activerecord-5.1.6/lib/active_record/migration.rb:985:in `migrate'
/home/deploy/encuestamedica/shared/bundle/ruby/2.6.0/gems/activerecord-5.1.6/lib/active_record/tasks/database_tasks.rb:171:in `migrate'
/home/deploy/encuestamedica/shared/bundle/ruby/2.6.0/gems/activerecord-5.1.6/lib/active_record/railties/databases.rake:58:in `block (2 levels) in <top (required)>'
/home/deploy/encuestamedica/shared/bundle/ruby/2.6.0/gems/rake-12.3.1/exe/rake:27:in `<top (required)>'
/home/deploy/.rbenv/versions/2.6.1/bin/bundle:23:in `load'
/home/deploy/.rbenv/versions/2.6.1/bin/bundle:23:in `<main>'
Tasks: TOP => db:migrate
 DEBUG [203dd55a] 	(See full trace by running task with --trace)
